<?xml version="1.0" encoding="UTF-8"?>
<testsuite name="com.shop.Repository.ItemRepositoryTest" tests="5" skipped="0" failures="0" errors="0" timestamp="2021-10-11T10:52:26" hostname="DESKTOP-AQMR6G6" time="0.712">
  <properties/>
  <testcase name="가격 내림차순 조회 테스트" classname="com.shop.Repository.ItemRepositoryTest" time="0.516"/>
  <testcase name="상품명, 상품 상세 설명 or 테스트" classname="com.shop.Repository.ItemRepositoryTest" time="0.074"/>
  <testcase name="상품명 조회 테스트" classname="com.shop.Repository.ItemRepositoryTest" time="0.051"/>
  <testcase name="가격 LessThan 테스트" classname="com.shop.Repository.ItemRepositoryTest" time="0.059"/>
  <testcase name="상품 저장 테스트" classname="com.shop.Repository.ItemRepositoryTest" time="0.007"/>
  <system-out><![CDATA[19:52:19.859 [Test worker] DEBUG org.springframework.test.context.BootstrapUtils - Instantiating CacheAwareContextLoaderDelegate from class [org.springframework.test.context.cache.DefaultCacheAwareContextLoaderDelegate]
19:52:19.875 [Test worker] DEBUG org.springframework.test.context.BootstrapUtils - Instantiating BootstrapContext using constructor [public org.springframework.test.context.support.DefaultBootstrapContext(java.lang.Class,org.springframework.test.context.CacheAwareContextLoaderDelegate)]
19:52:19.953 [Test worker] DEBUG org.springframework.test.context.BootstrapUtils - Instantiating TestContextBootstrapper for test class [com.shop.Repository.ItemRepositoryTest] from class [org.springframework.boot.test.context.SpringBootTestContextBootstrapper]
19:52:19.968 [Test worker] INFO org.springframework.boot.test.context.SpringBootTestContextBootstrapper - Neither @ContextConfiguration nor @ContextHierarchy found for test class [com.shop.Repository.ItemRepositoryTest], using SpringBootContextLoader
19:52:19.984 [Test worker] DEBUG org.springframework.test.context.support.AbstractContextLoader - Did not detect default resource location for test class [com.shop.Repository.ItemRepositoryTest]: class path resource [com/shop/Repository/ItemRepositoryTest-context.xml] does not exist
19:52:19.984 [Test worker] DEBUG org.springframework.test.context.support.AbstractContextLoader - Did not detect default resource location for test class [com.shop.Repository.ItemRepositoryTest]: class path resource [com/shop/Repository/ItemRepositoryTestContext.groovy] does not exist
19:52:19.984 [Test worker] INFO org.springframework.test.context.support.AbstractContextLoader - Could not detect default resource locations for test class [com.shop.Repository.ItemRepositoryTest]: no resource found for suffixes {-context.xml, Context.groovy}.
19:52:19.984 [Test worker] INFO org.springframework.test.context.support.AnnotationConfigContextLoaderUtils - Could not detect default configuration classes for test class [com.shop.Repository.ItemRepositoryTest]: ItemRepositoryTest does not declare any static, non-private, non-final, nested classes annotated with @Configuration.
19:52:20.062 [Test worker] DEBUG org.springframework.test.context.support.ActiveProfilesUtils - Could not find an 'annotation declaring class' for annotation type [org.springframework.test.context.ActiveProfiles] and class [com.shop.Repository.ItemRepositoryTest]
19:52:20.172 [Test worker] DEBUG org.springframework.context.annotation.ClassPathScanningCandidateComponentProvider - Identified candidate component class: file [C:\Users\bji15\IdeaProjects\shop\build\classes\java\main\com\shop\ShopApplication.class]
19:52:20.172 [Test worker] INFO org.springframework.boot.test.context.SpringBootTestContextBootstrapper - Found @SpringBootConfiguration com.shop.ShopApplication for test class com.shop.Repository.ItemRepositoryTest
19:52:20.328 [Test worker] DEBUG org.springframework.boot.test.context.SpringBootTestContextBootstrapper - @TestExecutionListeners is not present for class [com.shop.Repository.ItemRepositoryTest]: using defaults.
19:52:20.343 [Test worker] INFO org.springframework.boot.test.context.SpringBootTestContextBootstrapper - Loaded default TestExecutionListener class names from location [META-INF/spring.factories]: [org.springframework.boot.test.autoconfigure.restdocs.RestDocsTestExecutionListener, org.springframework.boot.test.autoconfigure.web.client.MockRestServiceServerResetTestExecutionListener, org.springframework.boot.test.autoconfigure.web.servlet.MockMvcPrintOnlyOnFailureTestExecutionListener, org.springframework.boot.test.autoconfigure.web.servlet.WebDriverTestExecutionListener, org.springframework.boot.test.autoconfigure.webservices.client.MockWebServiceServerTestExecutionListener, org.springframework.boot.test.mock.mockito.MockitoTestExecutionListener, org.springframework.boot.test.mock.mockito.ResetMocksTestExecutionListener, org.springframework.test.context.web.ServletTestExecutionListener, org.springframework.test.context.support.DirtiesContextBeforeModesTestExecutionListener, org.springframework.test.context.event.ApplicationEventsTestExecutionListener, org.springframework.test.context.support.DependencyInjectionTestExecutionListener, org.springframework.test.context.support.DirtiesContextTestExecutionListener, org.springframework.test.context.transaction.TransactionalTestExecutionListener, org.springframework.test.context.jdbc.SqlScriptsTestExecutionListener, org.springframework.test.context.event.EventPublishingTestExecutionListener]
19:52:20.359 [Test worker] INFO org.springframework.boot.test.context.SpringBootTestContextBootstrapper - Using TestExecutionListeners: [org.springframework.test.context.web.ServletTestExecutionListener@60d84f61, org.springframework.test.context.support.DirtiesContextBeforeModesTestExecutionListener@39c11e6c, org.springframework.test.context.event.ApplicationEventsTestExecutionListener@324dcd31, org.springframework.boot.test.mock.mockito.MockitoTestExecutionListener@503d56b5, org.springframework.boot.test.autoconfigure.SpringBootDependencyInjectionTestExecutionListener@72bca894, org.springframework.test.context.support.DirtiesContextTestExecutionListener@433ffad1, org.springframework.test.context.transaction.TransactionalTestExecutionListener@1fc793c2, org.springframework.test.context.jdbc.SqlScriptsTestExecutionListener@2575f671, org.springframework.test.context.event.EventPublishingTestExecutionListener@329a1243, org.springframework.boot.test.autoconfigure.restdocs.RestDocsTestExecutionListener@ecf9fb3, org.springframework.boot.test.autoconfigure.web.client.MockRestServiceServerResetTestExecutionListener@2d35442b, org.springframework.boot.test.autoconfigure.web.servlet.MockMvcPrintOnlyOnFailureTestExecutionListener@27f9e982, org.springframework.boot.test.autoconfigure.web.servlet.WebDriverTestExecutionListener@4593ff34, org.springframework.boot.test.autoconfigure.webservices.client.MockWebServiceServerTestExecutionListener@37d3d232, org.springframework.boot.test.mock.mockito.ResetMocksTestExecutionListener@30c0ccff]
19:52:20.375 [Test worker] DEBUG org.springframework.test.context.support.AbstractDirtiesContextTestExecutionListener - Before test class: context [DefaultTestContext@c074c0c testClass = ItemRepositoryTest, testInstance = [null], testMethod = [null], testException = [null], mergedContextConfiguration = [WebMergedContextConfiguration@58a55449 testClass = ItemRepositoryTest, locations = '{}', classes = '{class com.shop.ShopApplication}', contextInitializerClasses = '[]', activeProfiles = '{}', propertySourceLocations = '{classpath:application-test.properties}', propertySourceProperties = '{org.springframework.boot.test.context.SpringBootTestContextBootstrapper=true}', contextCustomizers = set[org.springframework.boot.test.autoconfigure.actuate.metrics.MetricsExportContextCustomizerFactory$DisableMetricExportContextCustomizer@4189d70b, org.springframework.boot.test.autoconfigure.properties.PropertyMappingContextCustomizer@0, org.springframework.boot.test.autoconfigure.web.servlet.WebDriverContextCustomizerFactory$Customizer@60a2630a, org.springframework.boot.test.context.filter.ExcludeFilterContextCustomizer@60641ec8, org.springframework.boot.test.json.DuplicateJsonObjectContextCustomizerFactory$DuplicateJsonObjectContextCustomizer@4a891c97, org.springframework.boot.test.mock.mockito.MockitoContextCustomizer@0, org.springframework.boot.test.web.client.TestRestTemplateContextCustomizer@2cae1042, org.springframework.boot.test.context.SpringBootTestArgs@1, org.springframework.boot.test.context.SpringBootTestWebEnvironment@389b0789], resourceBasePath = 'src/main/webapp', contextLoader = 'org.springframework.boot.test.context.SpringBootContextLoader', parent = [null]], attributes = map['org.springframework.test.context.web.ServletTestExecutionListener.activateListener' -> true]], class annotated with @DirtiesContext [false] with mode [null].
19:52:20.422 [Test worker] DEBUG org.springframework.test.context.support.TestPropertySourceUtils - Adding inlined properties to environment: {spring.jmx.enabled=false, org.springframework.boot.test.context.SpringBootTestContextBootstrapper=true}

  .   ____          _            __ _ _
 /\\ / ___'_ __ _ _(_)_ __  __ _ \ \ \ \
( ( )\___ | '_ | '_| | '_ \/ _` | \ \ \ \
 \\/  ___)| |_)| | | | | || (_| |  ) ) ) )
  '  |____| .__|_| |_|_| |_\__, | / / / /
 =========|_|==============|___/=/_/_/_/
 :: Spring Boot ::                (v2.5.5)

2021-10-11 19:52:20.879  INFO 13356 --- [    Test worker] com.shop.Repository.ItemRepositoryTest   : Starting ItemRepositoryTest using Java 11.0.12 on DESKTOP-AQMR6G6 with PID 13356 (started by bji15 in C:\Users\bji15\IdeaProjects\shop)
2021-10-11 19:52:20.879  INFO 13356 --- [    Test worker] com.shop.Repository.ItemRepositoryTest   : The following profiles are active: datasource
2021-10-11 19:52:21.914  INFO 13356 --- [    Test worker] .s.d.r.c.RepositoryConfigurationDelegate : Bootstrapping Spring Data JPA repositories in DEFAULT mode.
2021-10-11 19:52:22.009  INFO 13356 --- [    Test worker] .s.d.r.c.RepositoryConfigurationDelegate : Finished Spring Data repository scanning in 83 ms. Found 1 JPA repository interfaces.
2021-10-11 19:52:22.917  INFO 13356 --- [    Test worker] o.hibernate.jpa.internal.util.LogHelper  : HHH000204: Processing PersistenceUnitInfo [name: default]
2021-10-11 19:52:23.011  INFO 13356 --- [    Test worker] org.hibernate.Version                    : HHH000412: Hibernate ORM core version 5.4.32.Final
2021-10-11 19:52:23.273  INFO 13356 --- [    Test worker] o.hibernate.annotations.common.Version   : HCANN000001: Hibernate Commons Annotations {5.1.2.Final}
2021-10-11 19:52:23.460  INFO 13356 --- [    Test worker] com.zaxxer.hikari.HikariDataSource       : HikariPool-1 - Starting...
2021-10-11 19:52:23.760  INFO 13356 --- [    Test worker] com.zaxxer.hikari.HikariDataSource       : HikariPool-1 - Start completed.
2021-10-11 19:52:23.791  INFO 13356 --- [    Test worker] org.hibernate.dialect.Dialect            : HHH000400: Using dialect: org.hibernate.dialect.H2Dialect
Hibernate: 
    
    drop table if exists item CASCADE 
Hibernate: 
    
    drop sequence if exists hibernate_sequence
Hibernate: create sequence hibernate_sequence start with 1 increment by 1
Hibernate: 
    
    create table item (
       item_id bigint not null,
        item_detail clob not null,
        item_name varchar(50) not null,
        item_sell_status varchar(255),
        price integer not null,
        reg_date timestamp,
        stock_number integer not null,
        update_date timestamp,
        primary key (item_id)
    )
2021-10-11 19:52:24.785  INFO 13356 --- [    Test worker] o.h.e.t.j.p.i.JtaPlatformInitiator       : HHH000490: Using JtaPlatform implementation: [org.hibernate.engine.transaction.jta.platform.internal.NoJtaPlatform]
2021-10-11 19:52:24.801  INFO 13356 --- [    Test worker] j.LocalContainerEntityManagerFactoryBean : Initialized JPA EntityManagerFactory for persistence unit 'default'
2021-10-11 19:52:25.162  WARN 13356 --- [    Test worker] JpaBaseConfiguration$JpaWebConfiguration : spring.jpa.open-in-view is enabled by default. Therefore, database queries may be performed during view rendering. Explicitly configure spring.jpa.open-in-view to disable this warning
2021-10-11 19:52:25.531  INFO 13356 --- [    Test worker] o.s.b.a.h2.H2ConsoleAutoConfiguration    : H2 console available at '/h2-console'. Database available at 'jdbc:h2:mem:test'
2021-10-11 19:52:26.433  INFO 13356 --- [    Test worker] com.shop.Repository.ItemRepositoryTest   : Started ItemRepositoryTest in 6.006 seconds (JVM running for 8.656)
Hibernate: 
    call next value for hibernate_sequence
Hibernate: 
    insert 
    into
        item
        (item_detail, item_name, item_sell_status, price, reg_date, stock_number, update_date, item_id) 
    values
        (?, ?, ?, ?, ?, ?, ?, ?)
2021-10-11 19:52:26.693 TRACE 13356 --- [    Test worker] o.h.type.descriptor.sql.BasicBinder      : binding parameter [1] as [CLOB] - [테스트 상품 상세 설명1]
2021-10-11 19:52:26.696 TRACE 13356 --- [    Test worker] o.h.type.descriptor.sql.BasicBinder      : binding parameter [2] as [VARCHAR] - [테스트 상품1]
2021-10-11 19:52:26.696 TRACE 13356 --- [    Test worker] o.h.type.descriptor.sql.BasicBinder      : binding parameter [3] as [VARCHAR] - [SELL]
2021-10-11 19:52:26.701 TRACE 13356 --- [    Test worker] o.h.type.descriptor.sql.BasicBinder      : binding parameter [4] as [INTEGER] - [10001]
2021-10-11 19:52:26.702 TRACE 13356 --- [    Test worker] o.h.type.descriptor.sql.BasicBinder      : binding parameter [5] as [TIMESTAMP] - [2021-10-11T19:52:26.599982100]
2021-10-11 19:52:26.707 TRACE 13356 --- [    Test worker] o.h.type.descriptor.sql.BasicBinder      : binding parameter [6] as [INTEGER] - [100]
2021-10-11 19:52:26.707 TRACE 13356 --- [    Test worker] o.h.type.descriptor.sql.BasicBinder      : binding parameter [7] as [TIMESTAMP] - [2021-10-11T19:52:26.599982100]
2021-10-11 19:52:26.707 TRACE 13356 --- [    Test worker] o.h.type.descriptor.sql.BasicBinder      : binding parameter [8] as [BIGINT] - [1]
Hibernate: 
    call next value for hibernate_sequence
Hibernate: 
    insert 
    into
        item
        (item_detail, item_name, item_sell_status, price, reg_date, stock_number, update_date, item_id) 
    values
        (?, ?, ?, ?, ?, ?, ?, ?)
2021-10-11 19:52:26.716 TRACE 13356 --- [    Test worker] o.h.type.descriptor.sql.BasicBinder      : binding parameter [1] as [CLOB] - [테스트 상품 상세 설명2]
2021-10-11 19:52:26.716 TRACE 13356 --- [    Test worker] o.h.type.descriptor.sql.BasicBinder      : binding parameter [2] as [VARCHAR] - [테스트 상품2]
2021-10-11 19:52:26.716 TRACE 13356 --- [    Test worker] o.h.type.descriptor.sql.BasicBinder      : binding parameter [3] as [VARCHAR] - [SELL]
2021-10-11 19:52:26.716 TRACE 13356 --- [    Test worker] o.h.type.descriptor.sql.BasicBinder      : binding parameter [4] as [INTEGER] - [10002]
2021-10-11 19:52:26.716 TRACE 13356 --- [    Test worker] o.h.type.descriptor.sql.BasicBinder      : binding parameter [5] as [TIMESTAMP] - [2021-10-11T19:52:26.716497600]
2021-10-11 19:52:26.716 TRACE 13356 --- [    Test worker] o.h.type.descriptor.sql.BasicBinder      : binding parameter [6] as [INTEGER] - [100]
2021-10-11 19:52:26.716 TRACE 13356 --- [    Test worker] o.h.type.descriptor.sql.BasicBinder      : binding parameter [7] as [TIMESTAMP] - [2021-10-11T19:52:26.716497600]
2021-10-11 19:52:26.716 TRACE 13356 --- [    Test worker] o.h.type.descriptor.sql.BasicBinder      : binding parameter [8] as [BIGINT] - [2]
Hibernate: 
    call next value for hibernate_sequence
Hibernate: 
    insert 
    into
        item
        (item_detail, item_name, item_sell_status, price, reg_date, stock_number, update_date, item_id) 
    values
        (?, ?, ?, ?, ?, ?, ?, ?)
2021-10-11 19:52:26.721 TRACE 13356 --- [    Test worker] o.h.type.descriptor.sql.BasicBinder      : binding parameter [1] as [CLOB] - [테스트 상품 상세 설명3]
2021-10-11 19:52:26.721 TRACE 13356 --- [    Test worker] o.h.type.descriptor.sql.BasicBinder      : binding parameter [2] as [VARCHAR] - [테스트 상품3]
2021-10-11 19:52:26.721 TRACE 13356 --- [    Test worker] o.h.type.descriptor.sql.BasicBinder      : binding parameter [3] as [VARCHAR] - [SELL]
2021-10-11 19:52:26.721 TRACE 13356 --- [    Test worker] o.h.type.descriptor.sql.BasicBinder      : binding parameter [4] as [INTEGER] - [10003]
2021-10-11 19:52:26.721 TRACE 13356 --- [    Test worker] o.h.type.descriptor.sql.BasicBinder      : binding parameter [5] as [TIMESTAMP] - [2021-10-11T19:52:26.716497600]
2021-10-11 19:52:26.721 TRACE 13356 --- [    Test worker] o.h.type.descriptor.sql.BasicBinder      : binding parameter [6] as [INTEGER] - [100]
2021-10-11 19:52:26.721 TRACE 13356 --- [    Test worker] o.h.type.descriptor.sql.BasicBinder      : binding parameter [7] as [TIMESTAMP] - [2021-10-11T19:52:26.716497600]
2021-10-11 19:52:26.721 TRACE 13356 --- [    Test worker] o.h.type.descriptor.sql.BasicBinder      : binding parameter [8] as [BIGINT] - [3]
Hibernate: 
    call next value for hibernate_sequence
Hibernate: 
    insert 
    into
        item
        (item_detail, item_name, item_sell_status, price, reg_date, stock_number, update_date, item_id) 
    values
        (?, ?, ?, ?, ?, ?, ?, ?)
2021-10-11 19:52:26.721 TRACE 13356 --- [    Test worker] o.h.type.descriptor.sql.BasicBinder      : binding parameter [1] as [CLOB] - [테스트 상품 상세 설명4]
2021-10-11 19:52:26.721 TRACE 13356 --- [    Test worker] o.h.type.descriptor.sql.BasicBinder      : binding parameter [2] as [VARCHAR] - [테스트 상품4]
2021-10-11 19:52:26.721 TRACE 13356 --- [    Test worker] o.h.type.descriptor.sql.BasicBinder      : binding parameter [3] as [VARCHAR] - [SELL]
2021-10-11 19:52:26.721 TRACE 13356 --- [    Test worker] o.h.type.descriptor.sql.BasicBinder      : binding parameter [4] as [INTEGER] - [10004]
2021-10-11 19:52:26.721 TRACE 13356 --- [    Test worker] o.h.type.descriptor.sql.BasicBinder      : binding parameter [5] as [TIMESTAMP] - [2021-10-11T19:52:26.721509800]
2021-10-11 19:52:26.721 TRACE 13356 --- [    Test worker] o.h.type.descriptor.sql.BasicBinder      : binding parameter [6] as [INTEGER] - [100]
2021-10-11 19:52:26.721 TRACE 13356 --- [    Test worker] o.h.type.descriptor.sql.BasicBinder      : binding parameter [7] as [TIMESTAMP] - [2021-10-11T19:52:26.721509800]
2021-10-11 19:52:26.721 TRACE 13356 --- [    Test worker] o.h.type.descriptor.sql.BasicBinder      : binding parameter [8] as [BIGINT] - [4]
Hibernate: 
    call next value for hibernate_sequence
Hibernate: 
    insert 
    into
        item
        (item_detail, item_name, item_sell_status, price, reg_date, stock_number, update_date, item_id) 
    values
        (?, ?, ?, ?, ?, ?, ?, ?)
2021-10-11 19:52:26.729 TRACE 13356 --- [    Test worker] o.h.type.descriptor.sql.BasicBinder      : binding parameter [1] as [CLOB] - [테스트 상품 상세 설명5]
2021-10-11 19:52:26.729 TRACE 13356 --- [    Test worker] o.h.type.descriptor.sql.BasicBinder      : binding parameter [2] as [VARCHAR] - [테스트 상품5]
2021-10-11 19:52:26.729 TRACE 13356 --- [    Test worker] o.h.type.descriptor.sql.BasicBinder      : binding parameter [3] as [VARCHAR] - [SELL]
2021-10-11 19:52:26.729 TRACE 13356 --- [    Test worker] o.h.type.descriptor.sql.BasicBinder      : binding parameter [4] as [INTEGER] - [10005]
2021-10-11 19:52:26.729 TRACE 13356 --- [    Test worker] o.h.type.descriptor.sql.BasicBinder      : binding parameter [5] as [TIMESTAMP] - [2021-10-11T19:52:26.721509800]
2021-10-11 19:52:26.729 TRACE 13356 --- [    Test worker] o.h.type.descriptor.sql.BasicBinder      : binding parameter [6] as [INTEGER] - [100]
2021-10-11 19:52:26.729 TRACE 13356 --- [    Test worker] o.h.type.descriptor.sql.BasicBinder      : binding parameter [7] as [TIMESTAMP] - [2021-10-11T19:52:26.721509800]
2021-10-11 19:52:26.729 TRACE 13356 --- [    Test worker] o.h.type.descriptor.sql.BasicBinder      : binding parameter [8] as [BIGINT] - [5]
Hibernate: 
    call next value for hibernate_sequence
Hibernate: 
    insert 
    into
        item
        (item_detail, item_name, item_sell_status, price, reg_date, stock_number, update_date, item_id) 
    values
        (?, ?, ?, ?, ?, ?, ?, ?)
2021-10-11 19:52:26.734 TRACE 13356 --- [    Test worker] o.h.type.descriptor.sql.BasicBinder      : binding parameter [1] as [CLOB] - [테스트 상품 상세 설명6]
2021-10-11 19:52:26.734 TRACE 13356 --- [    Test worker] o.h.type.descriptor.sql.BasicBinder      : binding parameter [2] as [VARCHAR] - [테스트 상품6]
2021-10-11 19:52:26.734 TRACE 13356 --- [    Test worker] o.h.type.descriptor.sql.BasicBinder      : binding parameter [3] as [VARCHAR] - [SELL]
2021-10-11 19:52:26.734 TRACE 13356 --- [    Test worker] o.h.type.descriptor.sql.BasicBinder      : binding parameter [4] as [INTEGER] - [10006]
2021-10-11 19:52:26.734 TRACE 13356 --- [    Test worker] o.h.type.descriptor.sql.BasicBinder      : binding parameter [5] as [TIMESTAMP] - [2021-10-11T19:52:26.729015900]
2021-10-11 19:52:26.734 TRACE 13356 --- [    Test worker] o.h.type.descriptor.sql.BasicBinder      : binding parameter [6] as [INTEGER] - [100]
2021-10-11 19:52:26.734 TRACE 13356 --- [    Test worker] o.h.type.descriptor.sql.BasicBinder      : binding parameter [7] as [TIMESTAMP] - [2021-10-11T19:52:26.729015900]
2021-10-11 19:52:26.736 TRACE 13356 --- [    Test worker] o.h.type.descriptor.sql.BasicBinder      : binding parameter [8] as [BIGINT] - [6]
Hibernate: 
    call next value for hibernate_sequence
Hibernate: 
    insert 
    into
        item
        (item_detail, item_name, item_sell_status, price, reg_date, stock_number, update_date, item_id) 
    values
        (?, ?, ?, ?, ?, ?, ?, ?)
2021-10-11 19:52:26.736 TRACE 13356 --- [    Test worker] o.h.type.descriptor.sql.BasicBinder      : binding parameter [1] as [CLOB] - [테스트 상품 상세 설명7]
2021-10-11 19:52:26.736 TRACE 13356 --- [    Test worker] o.h.type.descriptor.sql.BasicBinder      : binding parameter [2] as [VARCHAR] - [테스트 상품7]
2021-10-11 19:52:26.736 TRACE 13356 --- [    Test worker] o.h.type.descriptor.sql.BasicBinder      : binding parameter [3] as [VARCHAR] - [SELL]
2021-10-11 19:52:26.736 TRACE 13356 --- [    Test worker] o.h.type.descriptor.sql.BasicBinder      : binding parameter [4] as [INTEGER] - [10007]
2021-10-11 19:52:26.736 TRACE 13356 --- [    Test worker] o.h.type.descriptor.sql.BasicBinder      : binding parameter [5] as [TIMESTAMP] - [2021-10-11T19:52:26.736703]
2021-10-11 19:52:26.741 TRACE 13356 --- [    Test worker] o.h.type.descriptor.sql.BasicBinder      : binding parameter [6] as [INTEGER] - [100]
2021-10-11 19:52:26.741 TRACE 13356 --- [    Test worker] o.h.type.descriptor.sql.BasicBinder      : binding parameter [7] as [TIMESTAMP] - [2021-10-11T19:52:26.736703]
2021-10-11 19:52:26.741 TRACE 13356 --- [    Test worker] o.h.type.descriptor.sql.BasicBinder      : binding parameter [8] as [BIGINT] - [7]
Hibernate: 
    call next value for hibernate_sequence
Hibernate: 
    insert 
    into
        item
        (item_detail, item_name, item_sell_status, price, reg_date, stock_number, update_date, item_id) 
    values
        (?, ?, ?, ?, ?, ?, ?, ?)
2021-10-11 19:52:26.744 TRACE 13356 --- [    Test worker] o.h.type.descriptor.sql.BasicBinder      : binding parameter [1] as [CLOB] - [테스트 상품 상세 설명8]
2021-10-11 19:52:26.744 TRACE 13356 --- [    Test worker] o.h.type.descriptor.sql.BasicBinder      : binding parameter [2] as [VARCHAR] - [테스트 상품8]
2021-10-11 19:52:26.744 TRACE 13356 --- [    Test worker] o.h.type.descriptor.sql.BasicBinder      : binding parameter [3] as [VARCHAR] - [SELL]
2021-10-11 19:52:26.744 TRACE 13356 --- [    Test worker] o.h.type.descriptor.sql.BasicBinder      : binding parameter [4] as [INTEGER] - [10008]
2021-10-11 19:52:26.744 TRACE 13356 --- [    Test worker] o.h.type.descriptor.sql.BasicBinder      : binding parameter [5] as [TIMESTAMP] - [2021-10-11T19:52:26.741717800]
2021-10-11 19:52:26.744 TRACE 13356 --- [    Test worker] o.h.type.descriptor.sql.BasicBinder      : binding parameter [6] as [INTEGER] - [100]
2021-10-11 19:52:26.744 TRACE 13356 --- [    Test worker] o.h.type.descriptor.sql.BasicBinder      : binding parameter [7] as [TIMESTAMP] - [2021-10-11T19:52:26.741717800]
2021-10-11 19:52:26.744 TRACE 13356 --- [    Test worker] o.h.type.descriptor.sql.BasicBinder      : binding parameter [8] as [BIGINT] - [8]
Hibernate: 
    call next value for hibernate_sequence
Hibernate: 
    insert 
    into
        item
        (item_detail, item_name, item_sell_status, price, reg_date, stock_number, update_date, item_id) 
    values
        (?, ?, ?, ?, ?, ?, ?, ?)
2021-10-11 19:52:26.750 TRACE 13356 --- [    Test worker] o.h.type.descriptor.sql.BasicBinder      : binding parameter [1] as [CLOB] - [테스트 상품 상세 설명9]
2021-10-11 19:52:26.750 TRACE 13356 --- [    Test worker] o.h.type.descriptor.sql.BasicBinder      : binding parameter [2] as [VARCHAR] - [테스트 상품9]
2021-10-11 19:52:26.750 TRACE 13356 --- [    Test worker] o.h.type.descriptor.sql.BasicBinder      : binding parameter [3] as [VARCHAR] - [SELL]
2021-10-11 19:52:26.750 TRACE 13356 --- [    Test worker] o.h.type.descriptor.sql.BasicBinder      : binding parameter [4] as [INTEGER] - [10009]
2021-10-11 19:52:26.750 TRACE 13356 --- [    Test worker] o.h.type.descriptor.sql.BasicBinder      : binding parameter [5] as [TIMESTAMP] - [2021-10-11T19:52:26.744323600]
2021-10-11 19:52:26.750 TRACE 13356 --- [    Test worker] o.h.type.descriptor.sql.BasicBinder      : binding parameter [6] as [INTEGER] - [100]
2021-10-11 19:52:26.750 TRACE 13356 --- [    Test worker] o.h.type.descriptor.sql.BasicBinder      : binding parameter [7] as [TIMESTAMP] - [2021-10-11T19:52:26.744323600]
2021-10-11 19:52:26.750 TRACE 13356 --- [    Test worker] o.h.type.descriptor.sql.BasicBinder      : binding parameter [8] as [BIGINT] - [9]
Hibernate: 
    call next value for hibernate_sequence
Hibernate: 
    insert 
    into
        item
        (item_detail, item_name, item_sell_status, price, reg_date, stock_number, update_date, item_id) 
    values
        (?, ?, ?, ?, ?, ?, ?, ?)
2021-10-11 19:52:26.750 TRACE 13356 --- [    Test worker] o.h.type.descriptor.sql.BasicBinder      : binding parameter [1] as [CLOB] - [테스트 상품 상세 설명10]
2021-10-11 19:52:26.750 TRACE 13356 --- [    Test worker] o.h.type.descriptor.sql.BasicBinder      : binding parameter [2] as [VARCHAR] - [테스트 상품10]
2021-10-11 19:52:26.750 TRACE 13356 --- [    Test worker] o.h.type.descriptor.sql.BasicBinder      : binding parameter [3] as [VARCHAR] - [SELL]
2021-10-11 19:52:26.750 TRACE 13356 --- [    Test worker] o.h.type.descriptor.sql.BasicBinder      : binding parameter [4] as [INTEGER] - [10010]
2021-10-11 19:52:26.750 TRACE 13356 --- [    Test worker] o.h.type.descriptor.sql.BasicBinder      : binding parameter [5] as [TIMESTAMP] - [2021-10-11T19:52:26.750316400]
2021-10-11 19:52:26.750 TRACE 13356 --- [    Test worker] o.h.type.descriptor.sql.BasicBinder      : binding parameter [6] as [INTEGER] - [100]
2021-10-11 19:52:26.750 TRACE 13356 --- [    Test worker] o.h.type.descriptor.sql.BasicBinder      : binding parameter [7] as [TIMESTAMP] - [2021-10-11T19:52:26.750316400]
2021-10-11 19:52:26.756 TRACE 13356 --- [    Test worker] o.h.type.descriptor.sql.BasicBinder      : binding parameter [8] as [BIGINT] - [10]
Hibernate: 
    select
        item0_.item_id as item_id1_0_,
        item0_.item_detail as item_det2_0_,
        item0_.item_name as item_nam3_0_,
        item0_.item_sell_status as item_sel4_0_,
        item0_.price as price5_0_,
        item0_.reg_date as reg_date6_0_,
        item0_.stock_number as stock_nu7_0_,
        item0_.update_date as update_d8_0_ 
    from
        item item0_ 
    where
        item0_.price<? 
    order by
        item0_.price desc
2021-10-11 19:52:26.930 TRACE 13356 --- [    Test worker] o.h.type.descriptor.sql.BasicBinder      : binding parameter [1] as [INTEGER] - [10005]
2021-10-11 19:52:26.935 TRACE 13356 --- [    Test worker] o.h.type.descriptor.sql.BasicExtractor   : extracted value ([item_id1_0_] : [BIGINT]) - [4]
2021-10-11 19:52:26.947 TRACE 13356 --- [    Test worker] o.h.type.descriptor.sql.BasicExtractor   : extracted value ([item_det2_0_] : [CLOB]) - [테스트 상품 상세 설명4]
2021-10-11 19:52:26.947 TRACE 13356 --- [    Test worker] o.h.type.descriptor.sql.BasicExtractor   : extracted value ([item_nam3_0_] : [VARCHAR]) - [테스트 상품4]
2021-10-11 19:52:26.947 TRACE 13356 --- [    Test worker] o.h.type.descriptor.sql.BasicExtractor   : extracted value ([item_sel4_0_] : [VARCHAR]) - [SELL]
2021-10-11 19:52:26.947 TRACE 13356 --- [    Test worker] o.h.type.descriptor.sql.BasicExtractor   : extracted value ([price5_0_] : [INTEGER]) - [10004]
2021-10-11 19:52:26.947 TRACE 13356 --- [    Test worker] o.h.type.descriptor.sql.BasicExtractor   : extracted value ([reg_date6_0_] : [TIMESTAMP]) - [2021-10-11T19:52:26.721510]
2021-10-11 19:52:26.952 TRACE 13356 --- [    Test worker] o.h.type.descriptor.sql.BasicExtractor   : extracted value ([stock_nu7_0_] : [INTEGER]) - [100]
2021-10-11 19:52:26.952 TRACE 13356 --- [    Test worker] o.h.type.descriptor.sql.BasicExtractor   : extracted value ([update_d8_0_] : [TIMESTAMP]) - [2021-10-11T19:52:26.721510]
2021-10-11 19:52:26.952 TRACE 13356 --- [    Test worker] o.h.type.descriptor.sql.BasicExtractor   : extracted value ([item_id1_0_] : [BIGINT]) - [3]
2021-10-11 19:52:26.952 TRACE 13356 --- [    Test worker] o.h.type.descriptor.sql.BasicExtractor   : extracted value ([item_det2_0_] : [CLOB]) - [테스트 상품 상세 설명3]
2021-10-11 19:52:26.952 TRACE 13356 --- [    Test worker] o.h.type.descriptor.sql.BasicExtractor   : extracted value ([item_nam3_0_] : [VARCHAR]) - [테스트 상품3]
2021-10-11 19:52:26.952 TRACE 13356 --- [    Test worker] o.h.type.descriptor.sql.BasicExtractor   : extracted value ([item_sel4_0_] : [VARCHAR]) - [SELL]
2021-10-11 19:52:26.952 TRACE 13356 --- [    Test worker] o.h.type.descriptor.sql.BasicExtractor   : extracted value ([price5_0_] : [INTEGER]) - [10003]
2021-10-11 19:52:26.952 TRACE 13356 --- [    Test worker] o.h.type.descriptor.sql.BasicExtractor   : extracted value ([reg_date6_0_] : [TIMESTAMP]) - [2021-10-11T19:52:26.716498]
2021-10-11 19:52:26.952 TRACE 13356 --- [    Test worker] o.h.type.descriptor.sql.BasicExtractor   : extracted value ([stock_nu7_0_] : [INTEGER]) - [100]
2021-10-11 19:52:26.952 TRACE 13356 --- [    Test worker] o.h.type.descriptor.sql.BasicExtractor   : extracted value ([update_d8_0_] : [TIMESTAMP]) - [2021-10-11T19:52:26.716498]
2021-10-11 19:52:26.953 TRACE 13356 --- [    Test worker] o.h.type.descriptor.sql.BasicExtractor   : extracted value ([item_id1_0_] : [BIGINT]) - [2]
2021-10-11 19:52:26.953 TRACE 13356 --- [    Test worker] o.h.type.descriptor.sql.BasicExtractor   : extracted value ([item_det2_0_] : [CLOB]) - [테스트 상품 상세 설명2]
2021-10-11 19:52:26.953 TRACE 13356 --- [    Test worker] o.h.type.descriptor.sql.BasicExtractor   : extracted value ([item_nam3_0_] : [VARCHAR]) - [테스트 상품2]
2021-10-11 19:52:26.953 TRACE 13356 --- [    Test worker] o.h.type.descriptor.sql.BasicExtractor   : extracted value ([item_sel4_0_] : [VARCHAR]) - [SELL]
2021-10-11 19:52:26.953 TRACE 13356 --- [    Test worker] o.h.type.descriptor.sql.BasicExtractor   : extracted value ([price5_0_] : [INTEGER]) - [10002]
2021-10-11 19:52:26.953 TRACE 13356 --- [    Test worker] o.h.type.descriptor.sql.BasicExtractor   : extracted value ([reg_date6_0_] : [TIMESTAMP]) - [2021-10-11T19:52:26.716498]
2021-10-11 19:52:26.953 TRACE 13356 --- [    Test worker] o.h.type.descriptor.sql.BasicExtractor   : extracted value ([stock_nu7_0_] : [INTEGER]) - [100]
2021-10-11 19:52:26.953 TRACE 13356 --- [    Test worker] o.h.type.descriptor.sql.BasicExtractor   : extracted value ([update_d8_0_] : [TIMESTAMP]) - [2021-10-11T19:52:26.716498]
2021-10-11 19:52:26.953 TRACE 13356 --- [    Test worker] o.h.type.descriptor.sql.BasicExtractor   : extracted value ([item_id1_0_] : [BIGINT]) - [1]
2021-10-11 19:52:26.953 TRACE 13356 --- [    Test worker] o.h.type.descriptor.sql.BasicExtractor   : extracted value ([item_det2_0_] : [CLOB]) - [테스트 상품 상세 설명1]
2021-10-11 19:52:26.953 TRACE 13356 --- [    Test worker] o.h.type.descriptor.sql.BasicExtractor   : extracted value ([item_nam3_0_] : [VARCHAR]) - [테스트 상품1]
2021-10-11 19:52:26.953 TRACE 13356 --- [    Test worker] o.h.type.descriptor.sql.BasicExtractor   : extracted value ([item_sel4_0_] : [VARCHAR]) - [SELL]
2021-10-11 19:52:26.953 TRACE 13356 --- [    Test worker] o.h.type.descriptor.sql.BasicExtractor   : extracted value ([price5_0_] : [INTEGER]) - [10001]
2021-10-11 19:52:26.953 TRACE 13356 --- [    Test worker] o.h.type.descriptor.sql.BasicExtractor   : extracted value ([reg_date6_0_] : [TIMESTAMP]) - [2021-10-11T19:52:26.599982]
2021-10-11 19:52:26.953 TRACE 13356 --- [    Test worker] o.h.type.descriptor.sql.BasicExtractor   : extracted value ([stock_nu7_0_] : [INTEGER]) - [100]
2021-10-11 19:52:26.953 TRACE 13356 --- [    Test worker] o.h.type.descriptor.sql.BasicExtractor   : extracted value ([update_d8_0_] : [TIMESTAMP]) - [2021-10-11T19:52:26.599982]
Item(id=4, itemName=테스트 상품4, price=10004, stockNumber=100, itemDetail=테스트 상품 상세 설명4, itemSellStatus=SELL, regDate=2021-10-11T19:52:26.721510, updateDate=2021-10-11T19:52:26.721510)
Item(id=3, itemName=테스트 상품3, price=10003, stockNumber=100, itemDetail=테스트 상품 상세 설명3, itemSellStatus=SELL, regDate=2021-10-11T19:52:26.716498, updateDate=2021-10-11T19:52:26.716498)
Item(id=2, itemName=테스트 상품2, price=10002, stockNumber=100, itemDetail=테스트 상품 상세 설명2, itemSellStatus=SELL, regDate=2021-10-11T19:52:26.716498, updateDate=2021-10-11T19:52:26.716498)
Item(id=1, itemName=테스트 상품1, price=10001, stockNumber=100, itemDetail=테스트 상품 상세 설명1, itemSellStatus=SELL, regDate=2021-10-11T19:52:26.599982, updateDate=2021-10-11T19:52:26.599982)
Hibernate: 
    call next value for hibernate_sequence
Hibernate: 
    insert 
    into
        item
        (item_detail, item_name, item_sell_status, price, reg_date, stock_number, update_date, item_id) 
    values
        (?, ?, ?, ?, ?, ?, ?, ?)
2021-10-11 19:52:27.003 TRACE 13356 --- [    Test worker] o.h.type.descriptor.sql.BasicBinder      : binding parameter [1] as [CLOB] - [테스트 상품 상세 설명1]
2021-10-11 19:52:27.003 TRACE 13356 --- [    Test worker] o.h.type.descriptor.sql.BasicBinder      : binding parameter [2] as [VARCHAR] - [테스트 상품1]
2021-10-11 19:52:27.003 TRACE 13356 --- [    Test worker] o.h.type.descriptor.sql.BasicBinder      : binding parameter [3] as [VARCHAR] - [SELL]
2021-10-11 19:52:27.003 TRACE 13356 --- [    Test worker] o.h.type.descriptor.sql.BasicBinder      : binding parameter [4] as [INTEGER] - [10001]
2021-10-11 19:52:27.003 TRACE 13356 --- [    Test worker] o.h.type.descriptor.sql.BasicBinder      : binding parameter [5] as [TIMESTAMP] - [2021-10-11T19:52:27.003720700]
2021-10-11 19:52:27.003 TRACE 13356 --- [    Test worker] o.h.type.descriptor.sql.BasicBinder      : binding parameter [6] as [INTEGER] - [100]
2021-10-11 19:52:27.003 TRACE 13356 --- [    Test worker] o.h.type.descriptor.sql.BasicBinder      : binding parameter [7] as [TIMESTAMP] - [2021-10-11T19:52:27.003720700]
2021-10-11 19:52:27.003 TRACE 13356 --- [    Test worker] o.h.type.descriptor.sql.BasicBinder      : binding parameter [8] as [BIGINT] - [11]
Hibernate: 
    call next value for hibernate_sequence
Hibernate: 
    insert 
    into
        item
        (item_detail, item_name, item_sell_status, price, reg_date, stock_number, update_date, item_id) 
    values
        (?, ?, ?, ?, ?, ?, ?, ?)
2021-10-11 19:52:27.012 TRACE 13356 --- [    Test worker] o.h.type.descriptor.sql.BasicBinder      : binding parameter [1] as [CLOB] - [테스트 상품 상세 설명2]
2021-10-11 19:52:27.012 TRACE 13356 --- [    Test worker] o.h.type.descriptor.sql.BasicBinder      : binding parameter [2] as [VARCHAR] - [테스트 상품2]
2021-10-11 19:52:27.012 TRACE 13356 --- [    Test worker] o.h.type.descriptor.sql.BasicBinder      : binding parameter [3] as [VARCHAR] - [SELL]
2021-10-11 19:52:27.012 TRACE 13356 --- [    Test worker] o.h.type.descriptor.sql.BasicBinder      : binding parameter [4] as [INTEGER] - [10002]
2021-10-11 19:52:27.012 TRACE 13356 --- [    Test worker] o.h.type.descriptor.sql.BasicBinder      : binding parameter [5] as [TIMESTAMP] - [2021-10-11T19:52:27.003720700]
2021-10-11 19:52:27.012 TRACE 13356 --- [    Test worker] o.h.type.descriptor.sql.BasicBinder      : binding parameter [6] as [INTEGER] - [100]
2021-10-11 19:52:27.012 TRACE 13356 --- [    Test worker] o.h.type.descriptor.sql.BasicBinder      : binding parameter [7] as [TIMESTAMP] - [2021-10-11T19:52:27.003720700]
2021-10-11 19:52:27.012 TRACE 13356 --- [    Test worker] o.h.type.descriptor.sql.BasicBinder      : binding parameter [8] as [BIGINT] - [12]
Hibernate: 
    call next value for hibernate_sequence
Hibernate: 
    insert 
    into
        item
        (item_detail, item_name, item_sell_status, price, reg_date, stock_number, update_date, item_id) 
    values
        (?, ?, ?, ?, ?, ?, ?, ?)
2021-10-11 19:52:27.017 TRACE 13356 --- [    Test worker] o.h.type.descriptor.sql.BasicBinder      : binding parameter [1] as [CLOB] - [테스트 상품 상세 설명3]
2021-10-11 19:52:27.017 TRACE 13356 --- [    Test worker] o.h.type.descriptor.sql.BasicBinder      : binding parameter [2] as [VARCHAR] - [테스트 상품3]
2021-10-11 19:52:27.017 TRACE 13356 --- [    Test worker] o.h.type.descriptor.sql.BasicBinder      : binding parameter [3] as [VARCHAR] - [SELL]
2021-10-11 19:52:27.017 TRACE 13356 --- [    Test worker] o.h.type.descriptor.sql.BasicBinder      : binding parameter [4] as [INTEGER] - [10003]
2021-10-11 19:52:27.018 TRACE 13356 --- [    Test worker] o.h.type.descriptor.sql.BasicBinder      : binding parameter [5] as [TIMESTAMP] - [2021-10-11T19:52:27.012656800]
2021-10-11 19:52:27.018 TRACE 13356 --- [    Test worker] o.h.type.descriptor.sql.BasicBinder      : binding parameter [6] as [INTEGER] - [100]
2021-10-11 19:52:27.018 TRACE 13356 --- [    Test worker] o.h.type.descriptor.sql.BasicBinder      : binding parameter [7] as [TIMESTAMP] - [2021-10-11T19:52:27.012656800]
2021-10-11 19:52:27.018 TRACE 13356 --- [    Test worker] o.h.type.descriptor.sql.BasicBinder      : binding parameter [8] as [BIGINT] - [13]
Hibernate: 
    call next value for hibernate_sequence
Hibernate: 
    insert 
    into
        item
        (item_detail, item_name, item_sell_status, price, reg_date, stock_number, update_date, item_id) 
    values
        (?, ?, ?, ?, ?, ?, ?, ?)
2021-10-11 19:52:27.023 TRACE 13356 --- [    Test worker] o.h.type.descriptor.sql.BasicBinder      : binding parameter [1] as [CLOB] - [테스트 상품 상세 설명4]
2021-10-11 19:52:27.023 TRACE 13356 --- [    Test worker] o.h.type.descriptor.sql.BasicBinder      : binding parameter [2] as [VARCHAR] - [테스트 상품4]
2021-10-11 19:52:27.023 TRACE 13356 --- [    Test worker] o.h.type.descriptor.sql.BasicBinder      : binding parameter [3] as [VARCHAR] - [SELL]
2021-10-11 19:52:27.023 TRACE 13356 --- [    Test worker] o.h.type.descriptor.sql.BasicBinder      : binding parameter [4] as [INTEGER] - [10004]
2021-10-11 19:52:27.023 TRACE 13356 --- [    Test worker] o.h.type.descriptor.sql.BasicBinder      : binding parameter [5] as [TIMESTAMP] - [2021-10-11T19:52:27.018979800]
2021-10-11 19:52:27.023 TRACE 13356 --- [    Test worker] o.h.type.descriptor.sql.BasicBinder      : binding parameter [6] as [INTEGER] - [100]
2021-10-11 19:52:27.023 TRACE 13356 --- [    Test worker] o.h.type.descriptor.sql.BasicBinder      : binding parameter [7] as [TIMESTAMP] - [2021-10-11T19:52:27.018979800]
2021-10-11 19:52:27.023 TRACE 13356 --- [    Test worker] o.h.type.descriptor.sql.BasicBinder      : binding parameter [8] as [BIGINT] - [14]
Hibernate: 
    call next value for hibernate_sequence
Hibernate: 
    insert 
    into
        item
        (item_detail, item_name, item_sell_status, price, reg_date, stock_number, update_date, item_id) 
    values
        (?, ?, ?, ?, ?, ?, ?, ?)
2021-10-11 19:52:27.029 TRACE 13356 --- [    Test worker] o.h.type.descriptor.sql.BasicBinder      : binding parameter [1] as [CLOB] - [테스트 상품 상세 설명5]
2021-10-11 19:52:27.029 TRACE 13356 --- [    Test worker] o.h.type.descriptor.sql.BasicBinder      : binding parameter [2] as [VARCHAR] - [테스트 상품5]
2021-10-11 19:52:27.029 TRACE 13356 --- [    Test worker] o.h.type.descriptor.sql.BasicBinder      : binding parameter [3] as [VARCHAR] - [SELL]
2021-10-11 19:52:27.029 TRACE 13356 --- [    Test worker] o.h.type.descriptor.sql.BasicBinder      : binding parameter [4] as [INTEGER] - [10005]
2021-10-11 19:52:27.029 TRACE 13356 --- [    Test worker] o.h.type.descriptor.sql.BasicBinder      : binding parameter [5] as [TIMESTAMP] - [2021-10-11T19:52:27.023994]
2021-10-11 19:52:27.029 TRACE 13356 --- [    Test worker] o.h.type.descriptor.sql.BasicBinder      : binding parameter [6] as [INTEGER] - [100]
2021-10-11 19:52:27.029 TRACE 13356 --- [    Test worker] o.h.type.descriptor.sql.BasicBinder      : binding parameter [7] as [TIMESTAMP] - [2021-10-11T19:52:27.023994]
2021-10-11 19:52:27.029 TRACE 13356 --- [    Test worker] o.h.type.descriptor.sql.BasicBinder      : binding parameter [8] as [BIGINT] - [15]
Hibernate: 
    call next value for hibernate_sequence
Hibernate: 
    insert 
    into
        item
        (item_detail, item_name, item_sell_status, price, reg_date, stock_number, update_date, item_id) 
    values
        (?, ?, ?, ?, ?, ?, ?, ?)
2021-10-11 19:52:27.035 TRACE 13356 --- [    Test worker] o.h.type.descriptor.sql.BasicBinder      : binding parameter [1] as [CLOB] - [테스트 상품 상세 설명6]
2021-10-11 19:52:27.035 TRACE 13356 --- [    Test worker] o.h.type.descriptor.sql.BasicBinder      : binding parameter [2] as [VARCHAR] - [테스트 상품6]
2021-10-11 19:52:27.035 TRACE 13356 --- [    Test worker] o.h.type.descriptor.sql.BasicBinder      : binding parameter [3] as [VARCHAR] - [SELL]
2021-10-11 19:52:27.035 TRACE 13356 --- [    Test worker] o.h.type.descriptor.sql.BasicBinder      : binding parameter [4] as [INTEGER] - [10006]
2021-10-11 19:52:27.035 TRACE 13356 --- [    Test worker] o.h.type.descriptor.sql.BasicBinder      : binding parameter [5] as [TIMESTAMP] - [2021-10-11T19:52:27.029326800]
2021-10-11 19:52:27.035 TRACE 13356 --- [    Test worker] o.h.type.descriptor.sql.BasicBinder      : binding parameter [6] as [INTEGER] - [100]
2021-10-11 19:52:27.035 TRACE 13356 --- [    Test worker] o.h.type.descriptor.sql.BasicBinder      : binding parameter [7] as [TIMESTAMP] - [2021-10-11T19:52:27.029326800]
2021-10-11 19:52:27.035 TRACE 13356 --- [    Test worker] o.h.type.descriptor.sql.BasicBinder      : binding parameter [8] as [BIGINT] - [16]
Hibernate: 
    call next value for hibernate_sequence
Hibernate: 
    insert 
    into
        item
        (item_detail, item_name, item_sell_status, price, reg_date, stock_number, update_date, item_id) 
    values
        (?, ?, ?, ?, ?, ?, ?, ?)
2021-10-11 19:52:27.040 TRACE 13356 --- [    Test worker] o.h.type.descriptor.sql.BasicBinder      : binding parameter [1] as [CLOB] - [테스트 상품 상세 설명7]
2021-10-11 19:52:27.040 TRACE 13356 --- [    Test worker] o.h.type.descriptor.sql.BasicBinder      : binding parameter [2] as [VARCHAR] - [테스트 상품7]
2021-10-11 19:52:27.040 TRACE 13356 --- [    Test worker] o.h.type.descriptor.sql.BasicBinder      : binding parameter [3] as [VARCHAR] - [SELL]
2021-10-11 19:52:27.040 TRACE 13356 --- [    Test worker] o.h.type.descriptor.sql.BasicBinder      : binding parameter [4] as [INTEGER] - [10007]
2021-10-11 19:52:27.040 TRACE 13356 --- [    Test worker] o.h.type.descriptor.sql.BasicBinder      : binding parameter [5] as [TIMESTAMP] - [2021-10-11T19:52:27.035481500]
2021-10-11 19:52:27.040 TRACE 13356 --- [    Test worker] o.h.type.descriptor.sql.BasicBinder      : binding parameter [6] as [INTEGER] - [100]
2021-10-11 19:52:27.040 TRACE 13356 --- [    Test worker] o.h.type.descriptor.sql.BasicBinder      : binding parameter [7] as [TIMESTAMP] - [2021-10-11T19:52:27.035481500]
2021-10-11 19:52:27.040 TRACE 13356 --- [    Test worker] o.h.type.descriptor.sql.BasicBinder      : binding parameter [8] as [BIGINT] - [17]
Hibernate: 
    call next value for hibernate_sequence
Hibernate: 
    insert 
    into
        item
        (item_detail, item_name, item_sell_status, price, reg_date, stock_number, update_date, item_id) 
    values
        (?, ?, ?, ?, ?, ?, ?, ?)
2021-10-11 19:52:27.044 TRACE 13356 --- [    Test worker] o.h.type.descriptor.sql.BasicBinder      : binding parameter [1] as [CLOB] - [테스트 상품 상세 설명8]
2021-10-11 19:52:27.044 TRACE 13356 --- [    Test worker] o.h.type.descriptor.sql.BasicBinder      : binding parameter [2] as [VARCHAR] - [테스트 상품8]
2021-10-11 19:52:27.044 TRACE 13356 --- [    Test worker] o.h.type.descriptor.sql.BasicBinder      : binding parameter [3] as [VARCHAR] - [SELL]
2021-10-11 19:52:27.044 TRACE 13356 --- [    Test worker] o.h.type.descriptor.sql.BasicBinder      : binding parameter [4] as [INTEGER] - [10008]
2021-10-11 19:52:27.044 TRACE 13356 --- [    Test worker] o.h.type.descriptor.sql.BasicBinder      : binding parameter [5] as [TIMESTAMP] - [2021-10-11T19:52:27.044405800]
2021-10-11 19:52:27.044 TRACE 13356 --- [    Test worker] o.h.type.descriptor.sql.BasicBinder      : binding parameter [6] as [INTEGER] - [100]
2021-10-11 19:52:27.044 TRACE 13356 --- [    Test worker] o.h.type.descriptor.sql.BasicBinder      : binding parameter [7] as [TIMESTAMP] - [2021-10-11T19:52:27.044405800]
2021-10-11 19:52:27.044 TRACE 13356 --- [    Test worker] o.h.type.descriptor.sql.BasicBinder      : binding parameter [8] as [BIGINT] - [18]
Hibernate: 
    call next value for hibernate_sequence
Hibernate: 
    insert 
    into
        item
        (item_detail, item_name, item_sell_status, price, reg_date, stock_number, update_date, item_id) 
    values
        (?, ?, ?, ?, ?, ?, ?, ?)
2021-10-11 19:52:27.049 TRACE 13356 --- [    Test worker] o.h.type.descriptor.sql.BasicBinder      : binding parameter [1] as [CLOB] - [테스트 상품 상세 설명9]
2021-10-11 19:52:27.050 TRACE 13356 --- [    Test worker] o.h.type.descriptor.sql.BasicBinder      : binding parameter [2] as [VARCHAR] - [테스트 상품9]
2021-10-11 19:52:27.050 TRACE 13356 --- [    Test worker] o.h.type.descriptor.sql.BasicBinder      : binding parameter [3] as [VARCHAR] - [SELL]
2021-10-11 19:52:27.050 TRACE 13356 --- [    Test worker] o.h.type.descriptor.sql.BasicBinder      : binding parameter [4] as [INTEGER] - [10009]
2021-10-11 19:52:27.050 TRACE 13356 --- [    Test worker] o.h.type.descriptor.sql.BasicBinder      : binding parameter [5] as [TIMESTAMP] - [2021-10-11T19:52:27.044405800]
2021-10-11 19:52:27.050 TRACE 13356 --- [    Test worker] o.h.type.descriptor.sql.BasicBinder      : binding parameter [6] as [INTEGER] - [100]
2021-10-11 19:52:27.050 TRACE 13356 --- [    Test worker] o.h.type.descriptor.sql.BasicBinder      : binding parameter [7] as [TIMESTAMP] - [2021-10-11T19:52:27.044405800]
2021-10-11 19:52:27.050 TRACE 13356 --- [    Test worker] o.h.type.descriptor.sql.BasicBinder      : binding parameter [8] as [BIGINT] - [19]
Hibernate: 
    call next value for hibernate_sequence
Hibernate: 
    insert 
    into
        item
        (item_detail, item_name, item_sell_status, price, reg_date, stock_number, update_date, item_id) 
    values
        (?, ?, ?, ?, ?, ?, ?, ?)
2021-10-11 19:52:27.055 TRACE 13356 --- [    Test worker] o.h.type.descriptor.sql.BasicBinder      : binding parameter [1] as [CLOB] - [테스트 상품 상세 설명10]
2021-10-11 19:52:27.055 TRACE 13356 --- [    Test worker] o.h.type.descriptor.sql.BasicBinder      : binding parameter [2] as [VARCHAR] - [테스트 상품10]
2021-10-11 19:52:27.055 TRACE 13356 --- [    Test worker] o.h.type.descriptor.sql.BasicBinder      : binding parameter [3] as [VARCHAR] - [SELL]
2021-10-11 19:52:27.055 TRACE 13356 --- [    Test worker] o.h.type.descriptor.sql.BasicBinder      : binding parameter [4] as [INTEGER] - [10010]
2021-10-11 19:52:27.055 TRACE 13356 --- [    Test worker] o.h.type.descriptor.sql.BasicBinder      : binding parameter [5] as [TIMESTAMP] - [2021-10-11T19:52:27.050824700]
2021-10-11 19:52:27.055 TRACE 13356 --- [    Test worker] o.h.type.descriptor.sql.BasicBinder      : binding parameter [6] as [INTEGER] - [100]
2021-10-11 19:52:27.055 TRACE 13356 --- [    Test worker] o.h.type.descriptor.sql.BasicBinder      : binding parameter [7] as [TIMESTAMP] - [2021-10-11T19:52:27.050824700]
2021-10-11 19:52:27.055 TRACE 13356 --- [    Test worker] o.h.type.descriptor.sql.BasicBinder      : binding parameter [8] as [BIGINT] - [20]
Hibernate: 
    select
        item0_.item_id as item_id1_0_,
        item0_.item_detail as item_det2_0_,
        item0_.item_name as item_nam3_0_,
        item0_.item_sell_status as item_sel4_0_,
        item0_.price as price5_0_,
        item0_.reg_date as reg_date6_0_,
        item0_.stock_number as stock_nu7_0_,
        item0_.update_date as update_d8_0_ 
    from
        item item0_ 
    where
        item0_.item_name=? 
        or item0_.item_detail=?
2021-10-11 19:52:27.055 TRACE 13356 --- [    Test worker] o.h.type.descriptor.sql.BasicBinder      : binding parameter [1] as [VARCHAR] - [테스트 상품1]
2021-10-11 19:52:27.055 TRACE 13356 --- [    Test worker] o.h.type.descriptor.sql.BasicBinder      : binding parameter [2] as [CLOB] - [테스트 상품 상세 설명5]
2021-10-11 19:52:27.055 TRACE 13356 --- [    Test worker] o.h.type.descriptor.sql.BasicExtractor   : extracted value ([item_id1_0_] : [BIGINT]) - [1]
2021-10-11 19:52:27.055 TRACE 13356 --- [    Test worker] o.h.type.descriptor.sql.BasicExtractor   : extracted value ([item_det2_0_] : [CLOB]) - [테스트 상품 상세 설명1]
2021-10-11 19:52:27.055 TRACE 13356 --- [    Test worker] o.h.type.descriptor.sql.BasicExtractor   : extracted value ([item_nam3_0_] : [VARCHAR]) - [테스트 상품1]
2021-10-11 19:52:27.055 TRACE 13356 --- [    Test worker] o.h.type.descriptor.sql.BasicExtractor   : extracted value ([item_sel4_0_] : [VARCHAR]) - [SELL]
2021-10-11 19:52:27.055 TRACE 13356 --- [    Test worker] o.h.type.descriptor.sql.BasicExtractor   : extracted value ([price5_0_] : [INTEGER]) - [10001]
2021-10-11 19:52:27.055 TRACE 13356 --- [    Test worker] o.h.type.descriptor.sql.BasicExtractor   : extracted value ([reg_date6_0_] : [TIMESTAMP]) - [2021-10-11T19:52:26.599982]
2021-10-11 19:52:27.055 TRACE 13356 --- [    Test worker] o.h.type.descriptor.sql.BasicExtractor   : extracted value ([stock_nu7_0_] : [INTEGER]) - [100]
2021-10-11 19:52:27.055 TRACE 13356 --- [    Test worker] o.h.type.descriptor.sql.BasicExtractor   : extracted value ([update_d8_0_] : [TIMESTAMP]) - [2021-10-11T19:52:26.599982]
2021-10-11 19:52:27.055 TRACE 13356 --- [    Test worker] o.h.type.descriptor.sql.BasicExtractor   : extracted value ([item_id1_0_] : [BIGINT]) - [5]
2021-10-11 19:52:27.055 TRACE 13356 --- [    Test worker] o.h.type.descriptor.sql.BasicExtractor   : extracted value ([item_det2_0_] : [CLOB]) - [테스트 상품 상세 설명5]
2021-10-11 19:52:27.055 TRACE 13356 --- [    Test worker] o.h.type.descriptor.sql.BasicExtractor   : extracted value ([item_nam3_0_] : [VARCHAR]) - [테스트 상품5]
2021-10-11 19:52:27.055 TRACE 13356 --- [    Test worker] o.h.type.descriptor.sql.BasicExtractor   : extracted value ([item_sel4_0_] : [VARCHAR]) - [SELL]
2021-10-11 19:52:27.055 TRACE 13356 --- [    Test worker] o.h.type.descriptor.sql.BasicExtractor   : extracted value ([price5_0_] : [INTEGER]) - [10005]
2021-10-11 19:52:27.055 TRACE 13356 --- [    Test worker] o.h.type.descriptor.sql.BasicExtractor   : extracted value ([reg_date6_0_] : [TIMESTAMP]) - [2021-10-11T19:52:26.721510]
2021-10-11 19:52:27.055 TRACE 13356 --- [    Test worker] o.h.type.descriptor.sql.BasicExtractor   : extracted value ([stock_nu7_0_] : [INTEGER]) - [100]
2021-10-11 19:52:27.055 TRACE 13356 --- [    Test worker] o.h.type.descriptor.sql.BasicExtractor   : extracted value ([update_d8_0_] : [TIMESTAMP]) - [2021-10-11T19:52:26.721510]
2021-10-11 19:52:27.055 TRACE 13356 --- [    Test worker] o.h.type.descriptor.sql.BasicExtractor   : extracted value ([item_id1_0_] : [BIGINT]) - [11]
2021-10-11 19:52:27.055 TRACE 13356 --- [    Test worker] o.h.type.descriptor.sql.BasicExtractor   : extracted value ([item_det2_0_] : [CLOB]) - [테스트 상품 상세 설명1]
2021-10-11 19:52:27.055 TRACE 13356 --- [    Test worker] o.h.type.descriptor.sql.BasicExtractor   : extracted value ([item_nam3_0_] : [VARCHAR]) - [테스트 상품1]
2021-10-11 19:52:27.055 TRACE 13356 --- [    Test worker] o.h.type.descriptor.sql.BasicExtractor   : extracted value ([item_sel4_0_] : [VARCHAR]) - [SELL]
2021-10-11 19:52:27.055 TRACE 13356 --- [    Test worker] o.h.type.descriptor.sql.BasicExtractor   : extracted value ([price5_0_] : [INTEGER]) - [10001]
2021-10-11 19:52:27.055 TRACE 13356 --- [    Test worker] o.h.type.descriptor.sql.BasicExtractor   : extracted value ([reg_date6_0_] : [TIMESTAMP]) - [2021-10-11T19:52:27.003721]
2021-10-11 19:52:27.055 TRACE 13356 --- [    Test worker] o.h.type.descriptor.sql.BasicExtractor   : extracted value ([stock_nu7_0_] : [INTEGER]) - [100]
2021-10-11 19:52:27.055 TRACE 13356 --- [    Test worker] o.h.type.descriptor.sql.BasicExtractor   : extracted value ([update_d8_0_] : [TIMESTAMP]) - [2021-10-11T19:52:27.003721]
2021-10-11 19:52:27.055 TRACE 13356 --- [    Test worker] o.h.type.descriptor.sql.BasicExtractor   : extracted value ([item_id1_0_] : [BIGINT]) - [15]
2021-10-11 19:52:27.055 TRACE 13356 --- [    Test worker] o.h.type.descriptor.sql.BasicExtractor   : extracted value ([item_det2_0_] : [CLOB]) - [테스트 상품 상세 설명5]
2021-10-11 19:52:27.055 TRACE 13356 --- [    Test worker] o.h.type.descriptor.sql.BasicExtractor   : extracted value ([item_nam3_0_] : [VARCHAR]) - [테스트 상품5]
2021-10-11 19:52:27.055 TRACE 13356 --- [    Test worker] o.h.type.descriptor.sql.BasicExtractor   : extracted value ([item_sel4_0_] : [VARCHAR]) - [SELL]
2021-10-11 19:52:27.055 TRACE 13356 --- [    Test worker] o.h.type.descriptor.sql.BasicExtractor   : extracted value ([price5_0_] : [INTEGER]) - [10005]
2021-10-11 19:52:27.071 TRACE 13356 --- [    Test worker] o.h.type.descriptor.sql.BasicExtractor   : extracted value ([reg_date6_0_] : [TIMESTAMP]) - [2021-10-11T19:52:27.023994]
2021-10-11 19:52:27.071 TRACE 13356 --- [    Test worker] o.h.type.descriptor.sql.BasicExtractor   : extracted value ([stock_nu7_0_] : [INTEGER]) - [100]
2021-10-11 19:52:27.071 TRACE 13356 --- [    Test worker] o.h.type.descriptor.sql.BasicExtractor   : extracted value ([update_d8_0_] : [TIMESTAMP]) - [2021-10-11T19:52:27.023994]
Item(id=1, itemName=테스트 상품1, price=10001, stockNumber=100, itemDetail=테스트 상품 상세 설명1, itemSellStatus=SELL, regDate=2021-10-11T19:52:26.599982, updateDate=2021-10-11T19:52:26.599982)
Item(id=5, itemName=테스트 상품5, price=10005, stockNumber=100, itemDetail=테스트 상품 상세 설명5, itemSellStatus=SELL, regDate=2021-10-11T19:52:26.721510, updateDate=2021-10-11T19:52:26.721510)
Item(id=11, itemName=테스트 상품1, price=10001, stockNumber=100, itemDetail=테스트 상품 상세 설명1, itemSellStatus=SELL, regDate=2021-10-11T19:52:27.003721, updateDate=2021-10-11T19:52:27.003721)
Item(id=15, itemName=테스트 상품5, price=10005, stockNumber=100, itemDetail=테스트 상품 상세 설명5, itemSellStatus=SELL, regDate=2021-10-11T19:52:27.023994, updateDate=2021-10-11T19:52:27.023994)
Hibernate: 
    call next value for hibernate_sequence
Hibernate: 
    insert 
    into
        item
        (item_detail, item_name, item_sell_status, price, reg_date, stock_number, update_date, item_id) 
    values
        (?, ?, ?, ?, ?, ?, ?, ?)
2021-10-11 19:52:27.080 TRACE 13356 --- [    Test worker] o.h.type.descriptor.sql.BasicBinder      : binding parameter [1] as [CLOB] - [테스트 상품 상세 설명1]
2021-10-11 19:52:27.080 TRACE 13356 --- [    Test worker] o.h.type.descriptor.sql.BasicBinder      : binding parameter [2] as [VARCHAR] - [테스트 상품1]
2021-10-11 19:52:27.080 TRACE 13356 --- [    Test worker] o.h.type.descriptor.sql.BasicBinder      : binding parameter [3] as [VARCHAR] - [SELL]
2021-10-11 19:52:27.080 TRACE 13356 --- [    Test worker] o.h.type.descriptor.sql.BasicBinder      : binding parameter [4] as [INTEGER] - [10001]
2021-10-11 19:52:27.080 TRACE 13356 --- [    Test worker] o.h.type.descriptor.sql.BasicBinder      : binding parameter [5] as [TIMESTAMP] - [2021-10-11T19:52:27.071472500]
2021-10-11 19:52:27.080 TRACE 13356 --- [    Test worker] o.h.type.descriptor.sql.BasicBinder      : binding parameter [6] as [INTEGER] - [100]
2021-10-11 19:52:27.080 TRACE 13356 --- [    Test worker] o.h.type.descriptor.sql.BasicBinder      : binding parameter [7] as [TIMESTAMP] - [2021-10-11T19:52:27.071472500]
2021-10-11 19:52:27.080 TRACE 13356 --- [    Test worker] o.h.type.descriptor.sql.BasicBinder      : binding parameter [8] as [BIGINT] - [21]
Hibernate: 
    call next value for hibernate_sequence
Hibernate: 
    insert 
    into
        item
        (item_detail, item_name, item_sell_status, price, reg_date, stock_number, update_date, item_id) 
    values
        (?, ?, ?, ?, ?, ?, ?, ?)
2021-10-11 19:52:27.080 TRACE 13356 --- [    Test worker] o.h.type.descriptor.sql.BasicBinder      : binding parameter [1] as [CLOB] - [테스트 상품 상세 설명2]
2021-10-11 19:52:27.080 TRACE 13356 --- [    Test worker] o.h.type.descriptor.sql.BasicBinder      : binding parameter [2] as [VARCHAR] - [테스트 상품2]
2021-10-11 19:52:27.080 TRACE 13356 --- [    Test worker] o.h.type.descriptor.sql.BasicBinder      : binding parameter [3] as [VARCHAR] - [SELL]
2021-10-11 19:52:27.080 TRACE 13356 --- [    Test worker] o.h.type.descriptor.sql.BasicBinder      : binding parameter [4] as [INTEGER] - [10002]
2021-10-11 19:52:27.080 TRACE 13356 --- [    Test worker] o.h.type.descriptor.sql.BasicBinder      : binding parameter [5] as [TIMESTAMP] - [2021-10-11T19:52:27.080670500]
2021-10-11 19:52:27.085 TRACE 13356 --- [    Test worker] o.h.type.descriptor.sql.BasicBinder      : binding parameter [6] as [INTEGER] - [100]
2021-10-11 19:52:27.085 TRACE 13356 --- [    Test worker] o.h.type.descriptor.sql.BasicBinder      : binding parameter [7] as [TIMESTAMP] - [2021-10-11T19:52:27.080670500]
2021-10-11 19:52:27.085 TRACE 13356 --- [    Test worker] o.h.type.descriptor.sql.BasicBinder      : binding parameter [8] as [BIGINT] - [22]
Hibernate: 
    call next value for hibernate_sequence
Hibernate: 
    insert 
    into
        item
        (item_detail, item_name, item_sell_status, price, reg_date, stock_number, update_date, item_id) 
    values
        (?, ?, ?, ?, ?, ?, ?, ?)
2021-10-11 19:52:27.087 TRACE 13356 --- [    Test worker] o.h.type.descriptor.sql.BasicBinder      : binding parameter [1] as [CLOB] - [테스트 상품 상세 설명3]
2021-10-11 19:52:27.087 TRACE 13356 --- [    Test worker] o.h.type.descriptor.sql.BasicBinder      : binding parameter [2] as [VARCHAR] - [테스트 상품3]
2021-10-11 19:52:27.087 TRACE 13356 --- [    Test worker] o.h.type.descriptor.sql.BasicBinder      : binding parameter [3] as [VARCHAR] - [SELL]
2021-10-11 19:52:27.087 TRACE 13356 --- [    Test worker] o.h.type.descriptor.sql.BasicBinder      : binding parameter [4] as [INTEGER] - [10003]
2021-10-11 19:52:27.087 TRACE 13356 --- [    Test worker] o.h.type.descriptor.sql.BasicBinder      : binding parameter [5] as [TIMESTAMP] - [2021-10-11T19:52:27.085692]
2021-10-11 19:52:27.087 TRACE 13356 --- [    Test worker] o.h.type.descriptor.sql.BasicBinder      : binding parameter [6] as [INTEGER] - [100]
2021-10-11 19:52:27.087 TRACE 13356 --- [    Test worker] o.h.type.descriptor.sql.BasicBinder      : binding parameter [7] as [TIMESTAMP] - [2021-10-11T19:52:27.085692]
2021-10-11 19:52:27.087 TRACE 13356 --- [    Test worker] o.h.type.descriptor.sql.BasicBinder      : binding parameter [8] as [BIGINT] - [23]
Hibernate: 
    call next value for hibernate_sequence
Hibernate: 
    insert 
    into
        item
        (item_detail, item_name, item_sell_status, price, reg_date, stock_number, update_date, item_id) 
    values
        (?, ?, ?, ?, ?, ?, ?, ?)
2021-10-11 19:52:27.092 TRACE 13356 --- [    Test worker] o.h.type.descriptor.sql.BasicBinder      : binding parameter [1] as [CLOB] - [테스트 상품 상세 설명4]
2021-10-11 19:52:27.092 TRACE 13356 --- [    Test worker] o.h.type.descriptor.sql.BasicBinder      : binding parameter [2] as [VARCHAR] - [테스트 상품4]
2021-10-11 19:52:27.092 TRACE 13356 --- [    Test worker] o.h.type.descriptor.sql.BasicBinder      : binding parameter [3] as [VARCHAR] - [SELL]
2021-10-11 19:52:27.092 TRACE 13356 --- [    Test worker] o.h.type.descriptor.sql.BasicBinder      : binding parameter [4] as [INTEGER] - [10004]
2021-10-11 19:52:27.092 TRACE 13356 --- [    Test worker] o.h.type.descriptor.sql.BasicBinder      : binding parameter [5] as [TIMESTAMP] - [2021-10-11T19:52:27.092412300]
2021-10-11 19:52:27.092 TRACE 13356 --- [    Test worker] o.h.type.descriptor.sql.BasicBinder      : binding parameter [6] as [INTEGER] - [100]
2021-10-11 19:52:27.092 TRACE 13356 --- [    Test worker] o.h.type.descriptor.sql.BasicBinder      : binding parameter [7] as [TIMESTAMP] - [2021-10-11T19:52:27.092412300]
2021-10-11 19:52:27.092 TRACE 13356 --- [    Test worker] o.h.type.descriptor.sql.BasicBinder      : binding parameter [8] as [BIGINT] - [24]
Hibernate: 
    call next value for hibernate_sequence
Hibernate: 
    insert 
    into
        item
        (item_detail, item_name, item_sell_status, price, reg_date, stock_number, update_date, item_id) 
    values
        (?, ?, ?, ?, ?, ?, ?, ?)
2021-10-11 19:52:27.092 TRACE 13356 --- [    Test worker] o.h.type.descriptor.sql.BasicBinder      : binding parameter [1] as [CLOB] - [테스트 상품 상세 설명5]
2021-10-11 19:52:27.097 TRACE 13356 --- [    Test worker] o.h.type.descriptor.sql.BasicBinder      : binding parameter [2] as [VARCHAR] - [테스트 상품5]
2021-10-11 19:52:27.097 TRACE 13356 --- [    Test worker] o.h.type.descriptor.sql.BasicBinder      : binding parameter [3] as [VARCHAR] - [SELL]
2021-10-11 19:52:27.097 TRACE 13356 --- [    Test worker] o.h.type.descriptor.sql.BasicBinder      : binding parameter [4] as [INTEGER] - [10005]
2021-10-11 19:52:27.097 TRACE 13356 --- [    Test worker] o.h.type.descriptor.sql.BasicBinder      : binding parameter [5] as [TIMESTAMP] - [2021-10-11T19:52:27.092412300]
2021-10-11 19:52:27.097 TRACE 13356 --- [    Test worker] o.h.type.descriptor.sql.BasicBinder      : binding parameter [6] as [INTEGER] - [100]
2021-10-11 19:52:27.097 TRACE 13356 --- [    Test worker] o.h.type.descriptor.sql.BasicBinder      : binding parameter [7] as [TIMESTAMP] - [2021-10-11T19:52:27.092412300]
2021-10-11 19:52:27.097 TRACE 13356 --- [    Test worker] o.h.type.descriptor.sql.BasicBinder      : binding parameter [8] as [BIGINT] - [25]
Hibernate: 
    call next value for hibernate_sequence
Hibernate: 
    insert 
    into
        item
        (item_detail, item_name, item_sell_status, price, reg_date, stock_number, update_date, item_id) 
    values
        (?, ?, ?, ?, ?, ?, ?, ?)
2021-10-11 19:52:27.098 TRACE 13356 --- [    Test worker] o.h.type.descriptor.sql.BasicBinder      : binding parameter [1] as [CLOB] - [테스트 상품 상세 설명6]
2021-10-11 19:52:27.098 TRACE 13356 --- [    Test worker] o.h.type.descriptor.sql.BasicBinder      : binding parameter [2] as [VARCHAR] - [테스트 상품6]
2021-10-11 19:52:27.098 TRACE 13356 --- [    Test worker] o.h.type.descriptor.sql.BasicBinder      : binding parameter [3] as [VARCHAR] - [SELL]
2021-10-11 19:52:27.098 TRACE 13356 --- [    Test worker] o.h.type.descriptor.sql.BasicBinder      : binding parameter [4] as [INTEGER] - [10006]
2021-10-11 19:52:27.098 TRACE 13356 --- [    Test worker] o.h.type.descriptor.sql.BasicBinder      : binding parameter [5] as [TIMESTAMP] - [2021-10-11T19:52:27.098563400]
2021-10-11 19:52:27.098 TRACE 13356 --- [    Test worker] o.h.type.descriptor.sql.BasicBinder      : binding parameter [6] as [INTEGER] - [100]
2021-10-11 19:52:27.098 TRACE 13356 --- [    Test worker] o.h.type.descriptor.sql.BasicBinder      : binding parameter [7] as [TIMESTAMP] - [2021-10-11T19:52:27.098563400]
2021-10-11 19:52:27.098 TRACE 13356 --- [    Test worker] o.h.type.descriptor.sql.BasicBinder      : binding parameter [8] as [BIGINT] - [26]
Hibernate: 
    call next value for hibernate_sequence
Hibernate: 
    insert 
    into
        item
        (item_detail, item_name, item_sell_status, price, reg_date, stock_number, update_date, item_id) 
    values
        (?, ?, ?, ?, ?, ?, ?, ?)
2021-10-11 19:52:27.098 TRACE 13356 --- [    Test worker] o.h.type.descriptor.sql.BasicBinder      : binding parameter [1] as [CLOB] - [테스트 상품 상세 설명7]
2021-10-11 19:52:27.103 TRACE 13356 --- [    Test worker] o.h.type.descriptor.sql.BasicBinder      : binding parameter [2] as [VARCHAR] - [테스트 상품7]
2021-10-11 19:52:27.103 TRACE 13356 --- [    Test worker] o.h.type.descriptor.sql.BasicBinder      : binding parameter [3] as [VARCHAR] - [SELL]
2021-10-11 19:52:27.103 TRACE 13356 --- [    Test worker] o.h.type.descriptor.sql.BasicBinder      : binding parameter [4] as [INTEGER] - [10007]
2021-10-11 19:52:27.103 TRACE 13356 --- [    Test worker] o.h.type.descriptor.sql.BasicBinder      : binding parameter [5] as [TIMESTAMP] - [2021-10-11T19:52:27.098563400]
2021-10-11 19:52:27.103 TRACE 13356 --- [    Test worker] o.h.type.descriptor.sql.BasicBinder      : binding parameter [6] as [INTEGER] - [100]
2021-10-11 19:52:27.103 TRACE 13356 --- [    Test worker] o.h.type.descriptor.sql.BasicBinder      : binding parameter [7] as [TIMESTAMP] - [2021-10-11T19:52:27.098563400]
2021-10-11 19:52:27.103 TRACE 13356 --- [    Test worker] o.h.type.descriptor.sql.BasicBinder      : binding parameter [8] as [BIGINT] - [27]
Hibernate: 
    call next value for hibernate_sequence
Hibernate: 
    insert 
    into
        item
        (item_detail, item_name, item_sell_status, price, reg_date, stock_number, update_date, item_id) 
    values
        (?, ?, ?, ?, ?, ?, ?, ?)
2021-10-11 19:52:27.103 TRACE 13356 --- [    Test worker] o.h.type.descriptor.sql.BasicBinder      : binding parameter [1] as [CLOB] - [테스트 상품 상세 설명8]
2021-10-11 19:52:27.103 TRACE 13356 --- [    Test worker] o.h.type.descriptor.sql.BasicBinder      : binding parameter [2] as [VARCHAR] - [테스트 상품8]
2021-10-11 19:52:27.103 TRACE 13356 --- [    Test worker] o.h.type.descriptor.sql.BasicBinder      : binding parameter [3] as [VARCHAR] - [SELL]
2021-10-11 19:52:27.103 TRACE 13356 --- [    Test worker] o.h.type.descriptor.sql.BasicBinder      : binding parameter [4] as [INTEGER] - [10008]
2021-10-11 19:52:27.103 TRACE 13356 --- [    Test worker] o.h.type.descriptor.sql.BasicBinder      : binding parameter [5] as [TIMESTAMP] - [2021-10-11T19:52:27.103573500]
2021-10-11 19:52:27.103 TRACE 13356 --- [    Test worker] o.h.type.descriptor.sql.BasicBinder      : binding parameter [6] as [INTEGER] - [100]
2021-10-11 19:52:27.103 TRACE 13356 --- [    Test worker] o.h.type.descriptor.sql.BasicBinder      : binding parameter [7] as [TIMESTAMP] - [2021-10-11T19:52:27.103573500]
2021-10-11 19:52:27.103 TRACE 13356 --- [    Test worker] o.h.type.descriptor.sql.BasicBinder      : binding parameter [8] as [BIGINT] - [28]
Hibernate: 
    call next value for hibernate_sequence
Hibernate: 
    insert 
    into
        item
        (item_detail, item_name, item_sell_status, price, reg_date, stock_number, update_date, item_id) 
    values
        (?, ?, ?, ?, ?, ?, ?, ?)
2021-10-11 19:52:27.103 TRACE 13356 --- [    Test worker] o.h.type.descriptor.sql.BasicBinder      : binding parameter [1] as [CLOB] - [테스트 상품 상세 설명9]
2021-10-11 19:52:27.103 TRACE 13356 --- [    Test worker] o.h.type.descriptor.sql.BasicBinder      : binding parameter [2] as [VARCHAR] - [테스트 상품9]
2021-10-11 19:52:27.103 TRACE 13356 --- [    Test worker] o.h.type.descriptor.sql.BasicBinder      : binding parameter [3] as [VARCHAR] - [SELL]
2021-10-11 19:52:27.103 TRACE 13356 --- [    Test worker] o.h.type.descriptor.sql.BasicBinder      : binding parameter [4] as [INTEGER] - [10009]
2021-10-11 19:52:27.103 TRACE 13356 --- [    Test worker] o.h.type.descriptor.sql.BasicBinder      : binding parameter [5] as [TIMESTAMP] - [2021-10-11T19:52:27.103573500]
2021-10-11 19:52:27.103 TRACE 13356 --- [    Test worker] o.h.type.descriptor.sql.BasicBinder      : binding parameter [6] as [INTEGER] - [100]
2021-10-11 19:52:27.103 TRACE 13356 --- [    Test worker] o.h.type.descriptor.sql.BasicBinder      : binding parameter [7] as [TIMESTAMP] - [2021-10-11T19:52:27.103573500]
2021-10-11 19:52:27.103 TRACE 13356 --- [    Test worker] o.h.type.descriptor.sql.BasicBinder      : binding parameter [8] as [BIGINT] - [29]
Hibernate: 
    call next value for hibernate_sequence
Hibernate: 
    insert 
    into
        item
        (item_detail, item_name, item_sell_status, price, reg_date, stock_number, update_date, item_id) 
    values
        (?, ?, ?, ?, ?, ?, ?, ?)
2021-10-11 19:52:27.103 TRACE 13356 --- [    Test worker] o.h.type.descriptor.sql.BasicBinder      : binding parameter [1] as [CLOB] - [테스트 상품 상세 설명10]
2021-10-11 19:52:27.103 TRACE 13356 --- [    Test worker] o.h.type.descriptor.sql.BasicBinder      : binding parameter [2] as [VARCHAR] - [테스트 상품10]
2021-10-11 19:52:27.103 TRACE 13356 --- [    Test worker] o.h.type.descriptor.sql.BasicBinder      : binding parameter [3] as [VARCHAR] - [SELL]
2021-10-11 19:52:27.103 TRACE 13356 --- [    Test worker] o.h.type.descriptor.sql.BasicBinder      : binding parameter [4] as [INTEGER] - [10010]
2021-10-11 19:52:27.103 TRACE 13356 --- [    Test worker] o.h.type.descriptor.sql.BasicBinder      : binding parameter [5] as [TIMESTAMP] - [2021-10-11T19:52:27.103573500]
2021-10-11 19:52:27.103 TRACE 13356 --- [    Test worker] o.h.type.descriptor.sql.BasicBinder      : binding parameter [6] as [INTEGER] - [100]
2021-10-11 19:52:27.103 TRACE 13356 --- [    Test worker] o.h.type.descriptor.sql.BasicBinder      : binding parameter [7] as [TIMESTAMP] - [2021-10-11T19:52:27.103573500]
2021-10-11 19:52:27.103 TRACE 13356 --- [    Test worker] o.h.type.descriptor.sql.BasicBinder      : binding parameter [8] as [BIGINT] - [30]
Hibernate: 
    select
        item0_.item_id as item_id1_0_,
        item0_.item_detail as item_det2_0_,
        item0_.item_name as item_nam3_0_,
        item0_.item_sell_status as item_sel4_0_,
        item0_.price as price5_0_,
        item0_.reg_date as reg_date6_0_,
        item0_.stock_number as stock_nu7_0_,
        item0_.update_date as update_d8_0_ 
    from
        item item0_ 
    where
        item0_.item_name=?
2021-10-11 19:52:27.119 TRACE 13356 --- [    Test worker] o.h.type.descriptor.sql.BasicBinder      : binding parameter [1] as [VARCHAR] - [테스트 상품1]
2021-10-11 19:52:27.119 TRACE 13356 --- [    Test worker] o.h.type.descriptor.sql.BasicExtractor   : extracted value ([item_id1_0_] : [BIGINT]) - [1]
2021-10-11 19:52:27.119 TRACE 13356 --- [    Test worker] o.h.type.descriptor.sql.BasicExtractor   : extracted value ([item_det2_0_] : [CLOB]) - [테스트 상품 상세 설명1]
2021-10-11 19:52:27.119 TRACE 13356 --- [    Test worker] o.h.type.descriptor.sql.BasicExtractor   : extracted value ([item_nam3_0_] : [VARCHAR]) - [테스트 상품1]
2021-10-11 19:52:27.119 TRACE 13356 --- [    Test worker] o.h.type.descriptor.sql.BasicExtractor   : extracted value ([item_sel4_0_] : [VARCHAR]) - [SELL]
2021-10-11 19:52:27.119 TRACE 13356 --- [    Test worker] o.h.type.descriptor.sql.BasicExtractor   : extracted value ([price5_0_] : [INTEGER]) - [10001]
2021-10-11 19:52:27.119 TRACE 13356 --- [    Test worker] o.h.type.descriptor.sql.BasicExtractor   : extracted value ([reg_date6_0_] : [TIMESTAMP]) - [2021-10-11T19:52:26.599982]
2021-10-11 19:52:27.119 TRACE 13356 --- [    Test worker] o.h.type.descriptor.sql.BasicExtractor   : extracted value ([stock_nu7_0_] : [INTEGER]) - [100]
2021-10-11 19:52:27.119 TRACE 13356 --- [    Test worker] o.h.type.descriptor.sql.BasicExtractor   : extracted value ([update_d8_0_] : [TIMESTAMP]) - [2021-10-11T19:52:26.599982]
2021-10-11 19:52:27.119 TRACE 13356 --- [    Test worker] o.h.type.descriptor.sql.BasicExtractor   : extracted value ([item_id1_0_] : [BIGINT]) - [11]
2021-10-11 19:52:27.119 TRACE 13356 --- [    Test worker] o.h.type.descriptor.sql.BasicExtractor   : extracted value ([item_det2_0_] : [CLOB]) - [테스트 상품 상세 설명1]
2021-10-11 19:52:27.119 TRACE 13356 --- [    Test worker] o.h.type.descriptor.sql.BasicExtractor   : extracted value ([item_nam3_0_] : [VARCHAR]) - [테스트 상품1]
2021-10-11 19:52:27.119 TRACE 13356 --- [    Test worker] o.h.type.descriptor.sql.BasicExtractor   : extracted value ([item_sel4_0_] : [VARCHAR]) - [SELL]
2021-10-11 19:52:27.119 TRACE 13356 --- [    Test worker] o.h.type.descriptor.sql.BasicExtractor   : extracted value ([price5_0_] : [INTEGER]) - [10001]
2021-10-11 19:52:27.119 TRACE 13356 --- [    Test worker] o.h.type.descriptor.sql.BasicExtractor   : extracted value ([reg_date6_0_] : [TIMESTAMP]) - [2021-10-11T19:52:27.003721]
2021-10-11 19:52:27.119 TRACE 13356 --- [    Test worker] o.h.type.descriptor.sql.BasicExtractor   : extracted value ([stock_nu7_0_] : [INTEGER]) - [100]
2021-10-11 19:52:27.119 TRACE 13356 --- [    Test worker] o.h.type.descriptor.sql.BasicExtractor   : extracted value ([update_d8_0_] : [TIMESTAMP]) - [2021-10-11T19:52:27.003721]
2021-10-11 19:52:27.119 TRACE 13356 --- [    Test worker] o.h.type.descriptor.sql.BasicExtractor   : extracted value ([item_id1_0_] : [BIGINT]) - [21]
2021-10-11 19:52:27.119 TRACE 13356 --- [    Test worker] o.h.type.descriptor.sql.BasicExtractor   : extracted value ([item_det2_0_] : [CLOB]) - [테스트 상품 상세 설명1]
2021-10-11 19:52:27.119 TRACE 13356 --- [    Test worker] o.h.type.descriptor.sql.BasicExtractor   : extracted value ([item_nam3_0_] : [VARCHAR]) - [테스트 상품1]
2021-10-11 19:52:27.119 TRACE 13356 --- [    Test worker] o.h.type.descriptor.sql.BasicExtractor   : extracted value ([item_sel4_0_] : [VARCHAR]) - [SELL]
2021-10-11 19:52:27.119 TRACE 13356 --- [    Test worker] o.h.type.descriptor.sql.BasicExtractor   : extracted value ([price5_0_] : [INTEGER]) - [10001]
2021-10-11 19:52:27.119 TRACE 13356 --- [    Test worker] o.h.type.descriptor.sql.BasicExtractor   : extracted value ([reg_date6_0_] : [TIMESTAMP]) - [2021-10-11T19:52:27.071473]
2021-10-11 19:52:27.119 TRACE 13356 --- [    Test worker] o.h.type.descriptor.sql.BasicExtractor   : extracted value ([stock_nu7_0_] : [INTEGER]) - [100]
2021-10-11 19:52:27.119 TRACE 13356 --- [    Test worker] o.h.type.descriptor.sql.BasicExtractor   : extracted value ([update_d8_0_] : [TIMESTAMP]) - [2021-10-11T19:52:27.071473]
Item(id=1, itemName=테스트 상품1, price=10001, stockNumber=100, itemDetail=테스트 상품 상세 설명1, itemSellStatus=SELL, regDate=2021-10-11T19:52:26.599982, updateDate=2021-10-11T19:52:26.599982)
Item(id=11, itemName=테스트 상품1, price=10001, stockNumber=100, itemDetail=테스트 상품 상세 설명1, itemSellStatus=SELL, regDate=2021-10-11T19:52:27.003721, updateDate=2021-10-11T19:52:27.003721)
Item(id=21, itemName=테스트 상품1, price=10001, stockNumber=100, itemDetail=테스트 상품 상세 설명1, itemSellStatus=SELL, regDate=2021-10-11T19:52:27.071473, updateDate=2021-10-11T19:52:27.071473)
Hibernate: 
    call next value for hibernate_sequence
Hibernate: 
    insert 
    into
        item
        (item_detail, item_name, item_sell_status, price, reg_date, stock_number, update_date, item_id) 
    values
        (?, ?, ?, ?, ?, ?, ?, ?)
2021-10-11 19:52:27.119 TRACE 13356 --- [    Test worker] o.h.type.descriptor.sql.BasicBinder      : binding parameter [1] as [CLOB] - [테스트 상품 상세 설명1]
2021-10-11 19:52:27.119 TRACE 13356 --- [    Test worker] o.h.type.descriptor.sql.BasicBinder      : binding parameter [2] as [VARCHAR] - [테스트 상품1]
2021-10-11 19:52:27.119 TRACE 13356 --- [    Test worker] o.h.type.descriptor.sql.BasicBinder      : binding parameter [3] as [VARCHAR] - [SELL]
2021-10-11 19:52:27.119 TRACE 13356 --- [    Test worker] o.h.type.descriptor.sql.BasicBinder      : binding parameter [4] as [INTEGER] - [10001]
2021-10-11 19:52:27.119 TRACE 13356 --- [    Test worker] o.h.type.descriptor.sql.BasicBinder      : binding parameter [5] as [TIMESTAMP] - [2021-10-11T19:52:27.119210]
2021-10-11 19:52:27.119 TRACE 13356 --- [    Test worker] o.h.type.descriptor.sql.BasicBinder      : binding parameter [6] as [INTEGER] - [100]
2021-10-11 19:52:27.119 TRACE 13356 --- [    Test worker] o.h.type.descriptor.sql.BasicBinder      : binding parameter [7] as [TIMESTAMP] - [2021-10-11T19:52:27.119210]
2021-10-11 19:52:27.119 TRACE 13356 --- [    Test worker] o.h.type.descriptor.sql.BasicBinder      : binding parameter [8] as [BIGINT] - [31]
Hibernate: 
    call next value for hibernate_sequence
Hibernate: 
    insert 
    into
        item
        (item_detail, item_name, item_sell_status, price, reg_date, stock_number, update_date, item_id) 
    values
        (?, ?, ?, ?, ?, ?, ?, ?)
2021-10-11 19:52:27.134 TRACE 13356 --- [    Test worker] o.h.type.descriptor.sql.BasicBinder      : binding parameter [1] as [CLOB] - [테스트 상품 상세 설명2]
2021-10-11 19:52:27.134 TRACE 13356 --- [    Test worker] o.h.type.descriptor.sql.BasicBinder      : binding parameter [2] as [VARCHAR] - [테스트 상품2]
2021-10-11 19:52:27.134 TRACE 13356 --- [    Test worker] o.h.type.descriptor.sql.BasicBinder      : binding parameter [3] as [VARCHAR] - [SELL]
2021-10-11 19:52:27.134 TRACE 13356 --- [    Test worker] o.h.type.descriptor.sql.BasicBinder      : binding parameter [4] as [INTEGER] - [10002]
2021-10-11 19:52:27.134 TRACE 13356 --- [    Test worker] o.h.type.descriptor.sql.BasicBinder      : binding parameter [5] as [TIMESTAMP] - [2021-10-11T19:52:27.119210]
2021-10-11 19:52:27.134 TRACE 13356 --- [    Test worker] o.h.type.descriptor.sql.BasicBinder      : binding parameter [6] as [INTEGER] - [100]
2021-10-11 19:52:27.134 TRACE 13356 --- [    Test worker] o.h.type.descriptor.sql.BasicBinder      : binding parameter [7] as [TIMESTAMP] - [2021-10-11T19:52:27.119210]
2021-10-11 19:52:27.134 TRACE 13356 --- [    Test worker] o.h.type.descriptor.sql.BasicBinder      : binding parameter [8] as [BIGINT] - [32]
Hibernate: 
    call next value for hibernate_sequence
Hibernate: 
    insert 
    into
        item
        (item_detail, item_name, item_sell_status, price, reg_date, stock_number, update_date, item_id) 
    values
        (?, ?, ?, ?, ?, ?, ?, ?)
2021-10-11 19:52:27.134 TRACE 13356 --- [    Test worker] o.h.type.descriptor.sql.BasicBinder      : binding parameter [1] as [CLOB] - [테스트 상품 상세 설명3]
2021-10-11 19:52:27.134 TRACE 13356 --- [    Test worker] o.h.type.descriptor.sql.BasicBinder      : binding parameter [2] as [VARCHAR] - [테스트 상품3]
2021-10-11 19:52:27.134 TRACE 13356 --- [    Test worker] o.h.type.descriptor.sql.BasicBinder      : binding parameter [3] as [VARCHAR] - [SELL]
2021-10-11 19:52:27.134 TRACE 13356 --- [    Test worker] o.h.type.descriptor.sql.BasicBinder      : binding parameter [4] as [INTEGER] - [10003]
2021-10-11 19:52:27.134 TRACE 13356 --- [    Test worker] o.h.type.descriptor.sql.BasicBinder      : binding parameter [5] as [TIMESTAMP] - [2021-10-11T19:52:27.134837800]
2021-10-11 19:52:27.134 TRACE 13356 --- [    Test worker] o.h.type.descriptor.sql.BasicBinder      : binding parameter [6] as [INTEGER] - [100]
2021-10-11 19:52:27.134 TRACE 13356 --- [    Test worker] o.h.type.descriptor.sql.BasicBinder      : binding parameter [7] as [TIMESTAMP] - [2021-10-11T19:52:27.134837800]
2021-10-11 19:52:27.134 TRACE 13356 --- [    Test worker] o.h.type.descriptor.sql.BasicBinder      : binding parameter [8] as [BIGINT] - [33]
Hibernate: 
    call next value for hibernate_sequence
Hibernate: 
    insert 
    into
        item
        (item_detail, item_name, item_sell_status, price, reg_date, stock_number, update_date, item_id) 
    values
        (?, ?, ?, ?, ?, ?, ?, ?)
2021-10-11 19:52:27.134 TRACE 13356 --- [    Test worker] o.h.type.descriptor.sql.BasicBinder      : binding parameter [1] as [CLOB] - [테스트 상품 상세 설명4]
2021-10-11 19:52:27.134 TRACE 13356 --- [    Test worker] o.h.type.descriptor.sql.BasicBinder      : binding parameter [2] as [VARCHAR] - [테스트 상품4]
2021-10-11 19:52:27.134 TRACE 13356 --- [    Test worker] o.h.type.descriptor.sql.BasicBinder      : binding parameter [3] as [VARCHAR] - [SELL]
2021-10-11 19:52:27.134 TRACE 13356 --- [    Test worker] o.h.type.descriptor.sql.BasicBinder      : binding parameter [4] as [INTEGER] - [10004]
[...]
2021-10-11 19:52:27.171 TRACE 13356 --- [    Test worker] o.h.type.descriptor.sql.BasicExtractor   : extracted value ([item_det2_0_] : [CLOB]) - [테스트 상품 상세 설명1]
2021-10-11 19:52:27.171 TRACE 13356 --- [    Test worker] o.h.type.descriptor.sql.BasicExtractor   : extracted value ([item_nam3_0_] : [VARCHAR]) - [테스트 상품1]
2021-10-11 19:52:27.171 TRACE 13356 --- [    Test worker] o.h.type.descriptor.sql.BasicExtractor   : extracted value ([item_sel4_0_] : [VARCHAR]) - [SELL]
2021-10-11 19:52:27.171 TRACE 13356 --- [    Test worker] o.h.type.descriptor.sql.BasicExtractor   : extracted value ([price5_0_] : [INTEGER]) - [10001]
2021-10-11 19:52:27.171 TRACE 13356 --- [    Test worker] o.h.type.descriptor.sql.BasicExtractor   : extracted value ([reg_date6_0_] : [TIMESTAMP]) - [2021-10-11T19:52:27.003721]
2021-10-11 19:52:27.171 TRACE 13356 --- [    Test worker] o.h.type.descriptor.sql.BasicExtractor   : extracted value ([stock_nu7_0_] : [INTEGER]) - [100]
2021-10-11 19:52:27.171 TRACE 13356 --- [    Test worker] o.h.type.descriptor.sql.BasicExtractor   : extracted value ([update_d8_0_] : [TIMESTAMP]) - [2021-10-11T19:52:27.003721]
2021-10-11 19:52:27.171 TRACE 13356 --- [    Test worker] o.h.type.descriptor.sql.BasicExtractor   : extracted value ([item_id1_0_] : [BIGINT]) - [12]
2021-10-11 19:52:27.176 TRACE 13356 --- [    Test worker] o.h.type.descriptor.sql.BasicExtractor   : extracted value ([item_det2_0_] : [CLOB]) - [테스트 상품 상세 설명2]
2021-10-11 19:52:27.176 TRACE 13356 --- [    Test worker] o.h.type.descriptor.sql.BasicExtractor   : extracted value ([item_nam3_0_] : [VARCHAR]) - [테스트 상품2]
2021-10-11 19:52:27.176 TRACE 13356 --- [    Test worker] o.h.type.descriptor.sql.BasicExtractor   : extracted value ([item_sel4_0_] : [VARCHAR]) - [SELL]
2021-10-11 19:52:27.176 TRACE 13356 --- [    Test worker] o.h.type.descriptor.sql.BasicExtractor   : extracted value ([price5_0_] : [INTEGER]) - [10002]
2021-10-11 19:52:27.176 TRACE 13356 --- [    Test worker] o.h.type.descriptor.sql.BasicExtractor   : extracted value ([reg_date6_0_] : [TIMESTAMP]) - [2021-10-11T19:52:27.003721]
2021-10-11 19:52:27.176 TRACE 13356 --- [    Test worker] o.h.type.descriptor.sql.BasicExtractor   : extracted value ([stock_nu7_0_] : [INTEGER]) - [100]
2021-10-11 19:52:27.176 TRACE 13356 --- [    Test worker] o.h.type.descriptor.sql.BasicExtractor   : extracted value ([update_d8_0_] : [TIMESTAMP]) - [2021-10-11T19:52:27.003721]
2021-10-11 19:52:27.176 TRACE 13356 --- [    Test worker] o.h.type.descriptor.sql.BasicExtractor   : extracted value ([item_id1_0_] : [BIGINT]) - [13]
2021-10-11 19:52:27.176 TRACE 13356 --- [    Test worker] o.h.type.descriptor.sql.BasicExtractor   : extracted value ([item_det2_0_] : [CLOB]) - [테스트 상품 상세 설명3]
2021-10-11 19:52:27.176 TRACE 13356 --- [    Test worker] o.h.type.descriptor.sql.BasicExtractor   : extracted value ([item_nam3_0_] : [VARCHAR]) - [테스트 상품3]
2021-10-11 19:52:27.176 TRACE 13356 --- [    Test worker] o.h.type.descriptor.sql.BasicExtractor   : extracted value ([item_sel4_0_] : [VARCHAR]) - [SELL]
2021-10-11 19:52:27.176 TRACE 13356 --- [    Test worker] o.h.type.descriptor.sql.BasicExtractor   : extracted value ([price5_0_] : [INTEGER]) - [10003]
2021-10-11 19:52:27.176 TRACE 13356 --- [    Test worker] o.h.type.descriptor.sql.BasicExtractor   : extracted value ([reg_date6_0_] : [TIMESTAMP]) - [2021-10-11T19:52:27.012657]
2021-10-11 19:52:27.176 TRACE 13356 --- [    Test worker] o.h.type.descriptor.sql.BasicExtractor   : extracted value ([stock_nu7_0_] : [INTEGER]) - [100]
2021-10-11 19:52:27.176 TRACE 13356 --- [    Test worker] o.h.type.descriptor.sql.BasicExtractor   : extracted value ([update_d8_0_] : [TIMESTAMP]) - [2021-10-11T19:52:27.012657]
2021-10-11 19:52:27.176 TRACE 13356 --- [    Test worker] o.h.type.descriptor.sql.BasicExtractor   : extracted value ([item_id1_0_] : [BIGINT]) - [14]
2021-10-11 19:52:27.176 TRACE 13356 --- [    Test worker] o.h.type.descriptor.sql.BasicExtractor   : extracted value ([item_det2_0_] : [CLOB]) - [테스트 상품 상세 설명4]
2021-10-11 19:52:27.176 TRACE 13356 --- [    Test worker] o.h.type.descriptor.sql.BasicExtractor   : extracted value ([item_nam3_0_] : [VARCHAR]) - [테스트 상품4]
2021-10-11 19:52:27.176 TRACE 13356 --- [    Test worker] o.h.type.descriptor.sql.BasicExtractor   : extracted value ([item_sel4_0_] : [VARCHAR]) - [SELL]
2021-10-11 19:52:27.176 TRACE 13356 --- [    Test worker] o.h.type.descriptor.sql.BasicExtractor   : extracted value ([price5_0_] : [INTEGER]) - [10004]
2021-10-11 19:52:27.176 TRACE 13356 --- [    Test worker] o.h.type.descriptor.sql.BasicExtractor   : extracted value ([reg_date6_0_] : [TIMESTAMP]) - [2021-10-11T19:52:27.018980]
2021-10-11 19:52:27.176 TRACE 13356 --- [    Test worker] o.h.type.descriptor.sql.BasicExtractor   : extracted value ([stock_nu7_0_] : [INTEGER]) - [100]
2021-10-11 19:52:27.176 TRACE 13356 --- [    Test worker] o.h.type.descriptor.sql.BasicExtractor   : extracted value ([update_d8_0_] : [TIMESTAMP]) - [2021-10-11T19:52:27.018980]
2021-10-11 19:52:27.176 TRACE 13356 --- [    Test worker] o.h.type.descriptor.sql.BasicExtractor   : extracted value ([item_id1_0_] : [BIGINT]) - [21]
2021-10-11 19:52:27.176 TRACE 13356 --- [    Test worker] o.h.type.descriptor.sql.BasicExtractor   : extracted value ([item_det2_0_] : [CLOB]) - [테스트 상품 상세 설명1]
2021-10-11 19:52:27.176 TRACE 13356 --- [    Test worker] o.h.type.descriptor.sql.BasicExtractor   : extracted value ([item_nam3_0_] : [VARCHAR]) - [테스트 상품1]
2021-10-11 19:52:27.176 TRACE 13356 --- [    Test worker] o.h.type.descriptor.sql.BasicExtractor   : extracted value ([item_sel4_0_] : [VARCHAR]) - [SELL]
2021-10-11 19:52:27.176 TRACE 13356 --- [    Test worker] o.h.type.descriptor.sql.BasicExtractor   : extracted value ([price5_0_] : [INTEGER]) - [10001]
2021-10-11 19:52:27.176 TRACE 13356 --- [    Test worker] o.h.type.descriptor.sql.BasicExtractor   : extracted value ([reg_date6_0_] : [TIMESTAMP]) - [2021-10-11T19:52:27.071473]
2021-10-11 19:52:27.176 TRACE 13356 --- [    Test worker] o.h.type.descriptor.sql.BasicExtractor   : extracted value ([stock_nu7_0_] : [INTEGER]) - [100]
2021-10-11 19:52:27.176 TRACE 13356 --- [    Test worker] o.h.type.descriptor.sql.BasicExtractor   : extracted value ([update_d8_0_] : [TIMESTAMP]) - [2021-10-11T19:52:27.071473]
2021-10-11 19:52:27.176 TRACE 13356 --- [    Test worker] o.h.type.descriptor.sql.BasicExtractor   : extracted value ([item_id1_0_] : [BIGINT]) - [22]
2021-10-11 19:52:27.176 TRACE 13356 --- [    Test worker] o.h.type.descriptor.sql.BasicExtractor   : extracted value ([item_det2_0_] : [CLOB]) - [테스트 상품 상세 설명2]
2021-10-11 19:52:27.176 TRACE 13356 --- [    Test worker] o.h.type.descriptor.sql.BasicExtractor   : extracted value ([item_nam3_0_] : [VARCHAR]) - [테스트 상품2]
2021-10-11 19:52:27.176 TRACE 13356 --- [    Test worker] o.h.type.descriptor.sql.BasicExtractor   : extracted value ([item_sel4_0_] : [VARCHAR]) - [SELL]
2021-10-11 19:52:27.176 TRACE 13356 --- [    Test worker] o.h.type.descriptor.sql.BasicExtractor   : extracted value ([price5_0_] : [INTEGER]) - [10002]
2021-10-11 19:52:27.176 TRACE 13356 --- [    Test worker] o.h.type.descriptor.sql.BasicExtractor   : extracted value ([reg_date6_0_] : [TIMESTAMP]) - [2021-10-11T19:52:27.080671]
2021-10-11 19:52:27.176 TRACE 13356 --- [    Test worker] o.h.type.descriptor.sql.BasicExtractor   : extracted value ([stock_nu7_0_] : [INTEGER]) - [100]
2021-10-11 19:52:27.176 TRACE 13356 --- [    Test worker] o.h.type.descriptor.sql.BasicExtractor   : extracted value ([update_d8_0_] : [TIMESTAMP]) - [2021-10-11T19:52:27.080671]
2021-10-11 19:52:27.176 TRACE 13356 --- [    Test worker] o.h.type.descriptor.sql.BasicExtractor   : extracted value ([item_id1_0_] : [BIGINT]) - [23]
2021-10-11 19:52:27.176 TRACE 13356 --- [    Test worker] o.h.type.descriptor.sql.BasicExtractor   : extracted value ([item_det2_0_] : [CLOB]) - [테스트 상품 상세 설명3]
2021-10-11 19:52:27.176 TRACE 13356 --- [    Test worker] o.h.type.descriptor.sql.BasicExtractor   : extracted value ([item_nam3_0_] : [VARCHAR]) - [테스트 상품3]
2021-10-11 19:52:27.176 TRACE 13356 --- [    Test worker] o.h.type.descriptor.sql.BasicExtractor   : extracted value ([item_sel4_0_] : [VARCHAR]) - [SELL]
2021-10-11 19:52:27.176 TRACE 13356 --- [    Test worker] o.h.type.descriptor.sql.BasicExtractor   : extracted value ([price5_0_] : [INTEGER]) - [10003]
2021-10-11 19:52:27.176 TRACE 13356 --- [    Test worker] o.h.type.descriptor.sql.BasicExtractor   : extracted value ([reg_date6_0_] : [TIMESTAMP]) - [2021-10-11T19:52:27.085692]
2021-10-11 19:52:27.176 TRACE 13356 --- [    Test worker] o.h.type.descriptor.sql.BasicExtractor   : extracted value ([stock_nu7_0_] : [INTEGER]) - [100]
2021-10-11 19:52:27.176 TRACE 13356 --- [    Test worker] o.h.type.descriptor.sql.BasicExtractor   : extracted value ([update_d8_0_] : [TIMESTAMP]) - [2021-10-11T19:52:27.085692]
2021-10-11 19:52:27.176 TRACE 13356 --- [    Test worker] o.h.type.descriptor.sql.BasicExtractor   : extracted value ([item_id1_0_] : [BIGINT]) - [24]
2021-10-11 19:52:27.176 TRACE 13356 --- [    Test worker] o.h.type.descriptor.sql.BasicExtractor   : extracted value ([item_det2_0_] : [CLOB]) - [테스트 상품 상세 설명4]
2021-10-11 19:52:27.176 TRACE 13356 --- [    Test worker] o.h.type.descriptor.sql.BasicExtractor   : extracted value ([item_nam3_0_] : [VARCHAR]) - [테스트 상품4]
2021-10-11 19:52:27.176 TRACE 13356 --- [    Test worker] o.h.type.descriptor.sql.BasicExtractor   : extracted value ([item_sel4_0_] : [VARCHAR]) - [SELL]
2021-10-11 19:52:27.176 TRACE 13356 --- [    Test worker] o.h.type.descriptor.sql.BasicExtractor   : extracted value ([price5_0_] : [INTEGER]) - [10004]
2021-10-11 19:52:27.176 TRACE 13356 --- [    Test worker] o.h.type.descriptor.sql.BasicExtractor   : extracted value ([reg_date6_0_] : [TIMESTAMP]) - [2021-10-11T19:52:27.092412]
2021-10-11 19:52:27.176 TRACE 13356 --- [    Test worker] o.h.type.descriptor.sql.BasicExtractor   : extracted value ([stock_nu7_0_] : [INTEGER]) - [100]
2021-10-11 19:52:27.176 TRACE 13356 --- [    Test worker] o.h.type.descriptor.sql.BasicExtractor   : extracted value ([update_d8_0_] : [TIMESTAMP]) - [2021-10-11T19:52:27.092412]
2021-10-11 19:52:27.176 TRACE 13356 --- [    Test worker] o.h.type.descriptor.sql.BasicExtractor   : extracted value ([item_id1_0_] : [BIGINT]) - [31]
2021-10-11 19:52:27.176 TRACE 13356 --- [    Test worker] o.h.type.descriptor.sql.BasicExtractor   : extracted value ([item_det2_0_] : [CLOB]) - [테스트 상품 상세 설명1]
2021-10-11 19:52:27.176 TRACE 13356 --- [    Test worker] o.h.type.descriptor.sql.BasicExtractor   : extracted value ([item_nam3_0_] : [VARCHAR]) - [테스트 상품1]
2021-10-11 19:52:27.176 TRACE 13356 --- [    Test worker] o.h.type.descriptor.sql.BasicExtractor   : extracted value ([item_sel4_0_] : [VARCHAR]) - [SELL]
2021-10-11 19:52:27.176 TRACE 13356 --- [    Test worker] o.h.type.descriptor.sql.BasicExtractor   : extracted value ([price5_0_] : [INTEGER]) - [10001]
2021-10-11 19:52:27.176 TRACE 13356 --- [    Test worker] o.h.type.descriptor.sql.BasicExtractor   : extracted value ([reg_date6_0_] : [TIMESTAMP]) - [2021-10-11T19:52:27.119210]
2021-10-11 19:52:27.176 TRACE 13356 --- [    Test worker] o.h.type.descriptor.sql.BasicExtractor   : extracted value ([stock_nu7_0_] : [INTEGER]) - [100]
2021-10-11 19:52:27.176 TRACE 13356 --- [    Test worker] o.h.type.descriptor.sql.BasicExtractor   : extracted value ([update_d8_0_] : [TIMESTAMP]) - [2021-10-11T19:52:27.119210]
2021-10-11 19:52:27.176 TRACE 13356 --- [    Test worker] o.h.type.descriptor.sql.BasicExtractor   : extracted value ([item_id1_0_] : [BIGINT]) - [32]
2021-10-11 19:52:27.176 TRACE 13356 --- [    Test worker] o.h.type.descriptor.sql.BasicExtractor   : extracted value ([item_det2_0_] : [CLOB]) - [테스트 상품 상세 설명2]
2021-10-11 19:52:27.176 TRACE 13356 --- [    Test worker] o.h.type.descriptor.sql.BasicExtractor   : extracted value ([item_nam3_0_] : [VARCHAR]) - [테스트 상품2]
2021-10-11 19:52:27.176 TRACE 13356 --- [    Test worker] o.h.type.descriptor.sql.BasicExtractor   : extracted value ([item_sel4_0_] : [VARCHAR]) - [SELL]
2021-10-11 19:52:27.176 TRACE 13356 --- [    Test worker] o.h.type.descriptor.sql.BasicExtractor   : extracted value ([price5_0_] : [INTEGER]) - [10002]
2021-10-11 19:52:27.176 TRACE 13356 --- [    Test worker] o.h.type.descriptor.sql.BasicExtractor   : extracted value ([reg_date6_0_] : [TIMESTAMP]) - [2021-10-11T19:52:27.119210]
2021-10-11 19:52:27.176 TRACE 13356 --- [    Test worker] o.h.type.descriptor.sql.BasicExtractor   : extracted value ([stock_nu7_0_] : [INTEGER]) - [100]
2021-10-11 19:52:27.176 TRACE 13356 --- [    Test worker] o.h.type.descriptor.sql.BasicExtractor   : extracted value ([update_d8_0_] : [TIMESTAMP]) - [2021-10-11T19:52:27.119210]
2021-10-11 19:52:27.176 TRACE 13356 --- [    Test worker] o.h.type.descriptor.sql.BasicExtractor   : extracted value ([item_id1_0_] : [BIGINT]) - [33]
2021-10-11 19:52:27.176 TRACE 13356 --- [    Test worker] o.h.type.descriptor.sql.BasicExtractor   : extracted value ([item_det2_0_] : [CLOB]) - [테스트 상품 상세 설명3]
2021-10-11 19:52:27.176 TRACE 13356 --- [    Test worker] o.h.type.descriptor.sql.BasicExtractor   : extracted value ([item_nam3_0_] : [VARCHAR]) - [테스트 상품3]
2021-10-11 19:52:27.176 TRACE 13356 --- [    Test worker] o.h.type.descriptor.sql.BasicExtractor   : extracted value ([item_sel4_0_] : [VARCHAR]) - [SELL]
2021-10-11 19:52:27.176 TRACE 13356 --- [    Test worker] o.h.type.descriptor.sql.BasicExtractor   : extracted value ([price5_0_] : [INTEGER]) - [10003]
2021-10-11 19:52:27.176 TRACE 13356 --- [    Test worker] o.h.type.descriptor.sql.BasicExtractor   : extracted value ([reg_date6_0_] : [TIMESTAMP]) - [2021-10-11T19:52:27.134838]
2021-10-11 19:52:27.176 TRACE 13356 --- [    Test worker] o.h.type.descriptor.sql.BasicExtractor   : extracted value ([stock_nu7_0_] : [INTEGER]) - [100]
2021-10-11 19:52:27.176 TRACE 13356 --- [    Test worker] o.h.type.descriptor.sql.BasicExtractor   : extracted value ([update_d8_0_] : [TIMESTAMP]) - [2021-10-11T19:52:27.134838]
2021-10-11 19:52:27.176 TRACE 13356 --- [    Test worker] o.h.type.descriptor.sql.BasicExtractor   : extracted value ([item_id1_0_] : [BIGINT]) - [34]
2021-10-11 19:52:27.176 TRACE 13356 --- [    Test worker] o.h.type.descriptor.sql.BasicExtractor   : extracted value ([item_det2_0_] : [CLOB]) - [테스트 상품 상세 설명4]
2021-10-11 19:52:27.176 TRACE 13356 --- [    Test worker] o.h.type.descriptor.sql.BasicExtractor   : extracted value ([item_nam3_0_] : [VARCHAR]) - [테스트 상품4]
2021-10-11 19:52:27.176 TRACE 13356 --- [    Test worker] o.h.type.descriptor.sql.BasicExtractor   : extracted value ([item_sel4_0_] : [VARCHAR]) - [SELL]
2021-10-11 19:52:27.176 TRACE 13356 --- [    Test worker] o.h.type.descriptor.sql.BasicExtractor   : extracted value ([price5_0_] : [INTEGER]) - [10004]
2021-10-11 19:52:27.176 TRACE 13356 --- [    Test worker] o.h.type.descriptor.sql.BasicExtractor   : extracted value ([reg_date6_0_] : [TIMESTAMP]) - [2021-10-11T19:52:27.134838]
2021-10-11 19:52:27.176 TRACE 13356 --- [    Test worker] o.h.type.descriptor.sql.BasicExtractor   : extracted value ([stock_nu7_0_] : [INTEGER]) - [100]
2021-10-11 19:52:27.176 TRACE 13356 --- [    Test worker] o.h.type.descriptor.sql.BasicExtractor   : extracted value ([update_d8_0_] : [TIMESTAMP]) - [2021-10-11T19:52:27.134838]
Item(id=1, itemName=테스트 상품1, price=10001, stockNumber=100, itemDetail=테스트 상품 상세 설명1, itemSellStatus=SELL, regDate=2021-10-11T19:52:26.599982, updateDate=2021-10-11T19:52:26.599982)
Item(id=2, itemName=테스트 상품2, price=10002, stockNumber=100, itemDetail=테스트 상품 상세 설명2, itemSellStatus=SELL, regDate=2021-10-11T19:52:26.716498, updateDate=2021-10-11T19:52:26.716498)
Item(id=3, itemName=테스트 상품3, price=10003, stockNumber=100, itemDetail=테스트 상품 상세 설명3, itemSellStatus=SELL, regDate=2021-10-11T19:52:26.716498, updateDate=2021-10-11T19:52:26.716498)
Item(id=4, itemName=테스트 상품4, price=10004, stockNumber=100, itemDetail=테스트 상품 상세 설명4, itemSellStatus=SELL, regDate=2021-10-11T19:52:26.721510, updateDate=2021-10-11T19:52:26.721510)
Item(id=11, itemName=테스트 상품1, price=10001, stockNumber=100, itemDetail=테스트 상품 상세 설명1, itemSellStatus=SELL, regDate=2021-10-11T19:52:27.003721, updateDate=2021-10-11T19:52:27.003721)
Item(id=12, itemName=테스트 상품2, price=10002, stockNumber=100, itemDetail=테스트 상품 상세 설명2, itemSellStatus=SELL, regDate=2021-10-11T19:52:27.003721, updateDate=2021-10-11T19:52:27.003721)
Item(id=13, itemName=테스트 상품3, price=10003, stockNumber=100, itemDetail=테스트 상품 상세 설명3, itemSellStatus=SELL, regDate=2021-10-11T19:52:27.012657, updateDate=2021-10-11T19:52:27.012657)
Item(id=14, itemName=테스트 상품4, price=10004, stockNumber=100, itemDetail=테스트 상품 상세 설명4, itemSellStatus=SELL, regDate=2021-10-11T19:52:27.018980, updateDate=2021-10-11T19:52:27.018980)
Item(id=21, itemName=테스트 상품1, price=10001, stockNumber=100, itemDetail=테스트 상품 상세 설명1, itemSellStatus=SELL, regDate=2021-10-11T19:52:27.071473, updateDate=2021-10-11T19:52:27.071473)
Item(id=22, itemName=테스트 상품2, price=10002, stockNumber=100, itemDetail=테스트 상품 상세 설명2, itemSellStatus=SELL, regDate=2021-10-11T19:52:27.080671, updateDate=2021-10-11T19:52:27.080671)
Item(id=23, itemName=테스트 상품3, price=10003, stockNumber=100, itemDetail=테스트 상품 상세 설명3, itemSellStatus=SELL, regDate=2021-10-11T19:52:27.085692, updateDate=2021-10-11T19:52:27.085692)
Item(id=24, itemName=테스트 상품4, price=10004, stockNumber=100, itemDetail=테스트 상품 상세 설명4, itemSellStatus=SELL, regDate=2021-10-11T19:52:27.092412, updateDate=2021-10-11T19:52:27.092412)
Item(id=31, itemName=테스트 상품1, price=10001, stockNumber=100, itemDetail=테스트 상품 상세 설명1, itemSellStatus=SELL, regDate=2021-10-11T19:52:27.119210, updateDate=2021-10-11T19:52:27.119210)
Item(id=32, itemName=테스트 상품2, price=10002, stockNumber=100, itemDetail=테스트 상품 상세 설명2, itemSellStatus=SELL, regDate=2021-10-11T19:52:27.119210, updateDate=2021-10-11T19:52:27.119210)
Item(id=33, itemName=테스트 상품3, price=10003, stockNumber=100, itemDetail=테스트 상품 상세 설명3, itemSellStatus=SELL, regDate=2021-10-11T19:52:27.134838, updateDate=2021-10-11T19:52:27.134838)
Item(id=34, itemName=테스트 상품4, price=10004, stockNumber=100, itemDetail=테스트 상품 상세 설명4, itemSellStatus=SELL, regDate=2021-10-11T19:52:27.134838, updateDate=2021-10-11T19:52:27.134838)
Hibernate: 
    call next value for hibernate_sequence
Hibernate: 
    insert 
    into
        item
        (item_detail, item_name, item_sell_status, price, reg_date, stock_number, update_date, item_id) 
    values
        (?, ?, ?, ?, ?, ?, ?, ?)
2021-10-11 19:52:27.193 TRACE 13356 --- [    Test worker] o.h.type.descriptor.sql.BasicBinder      : binding parameter [1] as [CLOB] - [테스트 상품 상세 설명]
2021-10-11 19:52:27.193 TRACE 13356 --- [    Test worker] o.h.type.descriptor.sql.BasicBinder      : binding parameter [2] as [VARCHAR] - [테스트 상품]
2021-10-11 19:52:27.193 TRACE 13356 --- [    Test worker] o.h.type.descriptor.sql.BasicBinder      : binding parameter [3] as [VARCHAR] - [SELL]
2021-10-11 19:52:27.193 TRACE 13356 --- [    Test worker] o.h.type.descriptor.sql.BasicBinder      : binding parameter [4] as [INTEGER] - [10000]
2021-10-11 19:52:27.193 TRACE 13356 --- [    Test worker] o.h.type.descriptor.sql.BasicBinder      : binding parameter [5] as [TIMESTAMP] - [2021-10-11T19:52:27.191773700]
2021-10-11 19:52:27.193 TRACE 13356 --- [    Test worker] o.h.type.descriptor.sql.BasicBinder      : binding parameter [6] as [INTEGER] - [100]
2021-10-11 19:52:27.193 TRACE 13356 --- [    Test worker] o.h.type.descriptor.sql.BasicBinder      : binding parameter [7] as [TIMESTAMP] - [2021-10-11T19:52:27.191773700]
2021-10-11 19:52:27.193 TRACE 13356 --- [    Test worker] o.h.type.descriptor.sql.BasicBinder      : binding parameter [8] as [BIGINT] - [41]
Item(id=41, itemName=테스트 상품, price=10000, stockNumber=100, itemDetail=테스트 상품 상세 설명, itemSellStatus=SELL, regDate=2021-10-11T19:52:27.191773700, updateDate=2021-10-11T19:52:27.191773700)
]]></system-out>
  <system-err><![CDATA[]]></system-err>
</testsuite>
